#
# A fatal error has been detected by the Java Runtime Environment:
#
#  EXCEPTION_ACCESS_VIOLATION (0xc0000005) at pc=0x00007ffcc3e81439, pid=11604, tid=7800
#
# JRE version: Java(TM) SE Runtime Environment (9.0+11) (build 9.0.4+11)
# Java VM: Java HotSpot(TM) 64-Bit Server VM (9.0.4+11, mixed mode, tiered, compressed oops, g1 gc, windows-amd64)
# Problematic frame:
# C  0x00007ffcc3e81439
#
# No core dump will be written. Minidumps are not enabled by default on client versions of Windows
#
# If you would like to submit a bug report, please visit:
#   http://bugreport.java.com/bugreport/crash.jsp
# The crash happened outside the Java Virtual Machine in native code.
# See problematic frame for where to report the bug.
#

---------------  S U M M A R Y ------------

Command Line: -Dsun.java2d.pmoffscreen=false -Dsun.java2d.xrender=false -Dsun.java2d.d3d=false -Dsun.awt.nopixfmt=true -Dsun.java2d.dpiaware=true -Dsun.java2d.uiScale.enabled=false -Xverify:none -Dswing.aatext=true -XX:-UsePerfData -Djdk.map.althashing.threshold=512 -XX:StringTableSize=4072 --add-opens=java.base/java.nio=ALL-UNNAMED --add-opens=java.desktop/sun.swing=ALL-UNNAMED --add-opens=java.desktop/javax.swing=ALL-UNNAMED --add-opens=java.desktop/javax.swing.tree=ALL-UNNAMED --add-opens=java.desktop/javax.swing.plaf.basic=ALL-UNNAMED --add-opens=java.desktop/javax.swing.plaf.synth=ALL-UNNAMED --add-opens=java.desktop/com.sun.awt=ALL-UNNAMED -XX:NewSize=60m -XX:MaxNewSize=60m -Xms128m -Xmx3072m -Xss5m 

Host: Intel(R) Core(TM) i7-7500U CPU @ 2.70GHz, 4 cores, 15G,  Windows 10 , 64 bit Build 19041 (10.0.19041.5072)
Time: Tue Dec 23 19:34:08 2025 Egypt Standard Time elapsed time: 24376 seconds (0d 6h 46m 16s)

---------------  T H R E A D  ---------------

Current thread (0x0000011fe558d000):  JavaThread "AWT-EventQueue-0" [_thread_in_native, id=7800, stack(0x000000053fa00000,0x000000053ff00000)]

Stack: [0x000000053fa00000,0x000000053ff00000],  sp=0x000000053fef47d0,  free space=5073k
Native frames: (J=compiled Java code, j=interpreted, Vv=VM code, C=native code)
C  0x00007ffcc3e81439
C  0x00007ffcc3e95107
C  0x00007ffcc3e94e12
C  0x00007ffcc3e7ac06
C  [librdi_wavedata.dll+0x125e90]
C  [librdi_wavedata.dll+0x148744]
C  [librdi_wavedata.dll+0x1e1cce]
C  [librdi_wavedata.dll+0x1e1bef]
C  [librdi_wavedata.dll+0x20cb0a]
C  [librdi_wavedata.dll+0x20aede]
C  [librdi_wavedata.dll+0x26873b]
C  [librdi_wavedata.dll+0x26a153]
C  [librdi_wavedata.dll+0x242ea0]
C  [librdi_wavedata.dll+0x242f1d]
C  [librdi_wavedata.dll+0x242fc1]
C  [librdi_wavedata.dll+0x2695c4]
C  [librdi_wavedata.dll+0x239546]
C  [librdi_wavedata.dll+0x239315]
C  [librdi_wavedata.dll+0x275c1f]
C  0x0000011ff937b13a

Java frames: (J=compiled Java code, j=interpreted, Vv=VM code)
J 26368  ui.views.waveform.waveformi.WVExecutive_getGraphicsDataSize(J)J (0 bytes) @ 0x0000011ff937b0a1 [0x0000011ff937b060+0x0000000000000041]
J 26367 c1 ui.views.waveform.executive.a.gEt()Ljava/io/ByteArrayInputStream; (93 bytes) @ 0x0000011ff2841aac [0x0000011ff28419c0+0x00000000000000ec]
J 27024 c1 ui.views.waveform.b.a.gEf()V (142 bytes) @ 0x0000011ff2a8c6b4 [0x0000011ff2a8c5a0+0x0000000000000114]
J 26100 c1 ui.views.waveform.w.cRi()V (38 bytes) @ 0x0000011ff22c1dec [0x0000011ff22c1680+0x000000000000076c]
J 25130 c1 ui.views.waveform.c.b.j(Lui/frmwork/b/i;)V (603 bytes) @ 0x0000011ff387923c [0x0000011ff386fb20+0x000000000000971c]
J 25129 c1 ui.views.waveform.w.a(Lui/frmwork/b/i;)V (17 bytes) @ 0x0000011ff386e694 [0x0000011ff386e5c0+0x00000000000000d4]
J 27300 c2 ui.frmwork.b.l.d(Lui/frmwork/b/i;)V (61 bytes) @ 0x0000011ff9a00c8c [0x0000011ff9a00a40+0x000000000000024c]
J 26074 c2 ui.frmwork.HTclEventBroker.i(JZ)V (471 bytes) @ 0x0000011ff90a4b18 [0x0000011ff90a3720+0x00000000000013f8]
J 21606 c1 ui.frmwork.HTclEventBroker.fireTclEvent(J)I (113 bytes) @ 0x0000011ff27271cc [0x0000011ff27269c0+0x000000000000080c]
v  ~StubRoutines::call_stub
J 25889  ui.views.waveform.waveformi.WVExecutive_processModelEvent(JJ)V (0 bytes) @ 0x0000011ff8d160a4 [0x0000011ff8d16060+0x0000000000000044]
J 25858 c1 ui.views.waveform.c.b.eD(J)V (109 bytes) @ 0x0000011ff0e586c4 [0x0000011ff0e58580+0x0000000000000144]
J 25130 c1 ui.views.waveform.c.b.j(Lui/frmwork/b/i;)V (603 bytes) @ 0x0000011ff3879f74 [0x0000011ff386fb20+0x000000000000a454]
J 25129 c1 ui.views.waveform.w.a(Lui/frmwork/b/i;)V (17 bytes) @ 0x0000011ff386e694 [0x0000011ff386e5c0+0x00000000000000d4]
J 27300 c2 ui.frmwork.b.l.d(Lui/frmwork/b/i;)V (61 bytes) @ 0x0000011ff9a00c8c [0x0000011ff9a00a40+0x000000000000024c]
J 26074 c2 ui.frmwork.HTclEventBroker.i(JZ)V (471 bytes) @ 0x0000011ff90a4b18 [0x0000011ff90a3720+0x00000000000013f8]
J 24079 c1 ui.frmwork.HTclEventBroker$$Lambda$205.run()V (12 bytes) @ 0x0000011ff26eb05c [0x0000011ff26eaf80+0x00000000000000dc]
J 12802 c2 java.awt.EventQueue$3.run()Ljava/lang/Object; java.desktop@9.0.4 (5 bytes) @ 0x0000011ff88ab90c [0x0000011ff88ab620+0x00000000000002ec]
v  ~StubRoutines::call_stub
J 3782  java.security.AccessController.doPrivileged(Ljava/security/PrivilegedAction;Ljava/security/AccessControlContext;)Ljava/lang/Object; java.base@9.0.4 (0 bytes) @ 0x0000011ff80f1046 [0x0000011ff80f0fe0+0x0000000000000066]
J 12801 c2 java.awt.EventQueue.dispatchEvent(Ljava/awt/AWTEvent;)V java.desktop@9.0.4 (80 bytes) @ 0x0000011ff88aa7d4 [0x0000011ff88aa4c0+0x0000000000000314]
J 12803 c2 ui.frmwork.b.d.dispatchEvent(Ljava/awt/AWTEvent;)V (34 bytes) @ 0x0000011ff88ac95c [0x0000011ff88ac860+0x00000000000000fc]
J 28119 c2 java.awt.EventDispatchThread.pumpOneEventForFilters(I)V java.desktop@9.0.4 (218 bytes) @ 0x0000011ff9af6df4 [0x0000011ff9af6920+0x00000000000004d4]
J 25255 c2 java.awt.EventDispatchThread.pumpEventsForFilter(ILjava/awt/Conditional;Ljava/awt/EventFilter;)V java.desktop@9.0.4 (47 bytes) @ 0x0000011ff83cb7cc [0x0000011ff83cb5e0+0x00000000000001ec]
j  java.awt.EventDispatchThread.pumpEventsForFilter(Ljava/awt/Conditional;Ljava/awt/EventFilter;)V+4 java.desktop@9.0.4
j  java.awt.WaitDispatchSupport$2.run()V+59 java.desktop@9.0.4
j  java.awt.WaitDispatchSupport$4.run()Ljava/lang/Void;+4 java.desktop@9.0.4
j  java.awt.WaitDispatchSupport$4.run()Ljava/lang/Object;+1 java.desktop@9.0.4
v  ~StubRoutines::call_stub
J 1054  java.security.AccessController.doPrivileged(Ljava/security/PrivilegedAction;)Ljava/lang/Object; java.base@9.0.4 (0 bytes) @ 0x0000011ff7f77bb2 [0x0000011ff7f77b60+0x0000000000000052]
j  java.awt.WaitDispatchSupport.enter()Z+260 java.desktop@9.0.4
j  java.awt.Dialog.show()V+225 java.desktop@9.0.4
J 27742 c1 ui.b.c.g.setVisible(Z)V (15 bytes) @ 0x0000011ff27b704c [0x0000011ff27b6da0+0x00000000000002ac]
j  ui.b.c.by.showDialog()V+64
j  ui.b.c.bF.actionPerformed(Ljava/awt/event/ActionEvent;)V+8
j  ui.b.c.by.cJI()V+396
j  ui.views.c.t.b.a.run()V+60
j  ui.frmwork.a.dWF()Z+66
j  ui.frmwork.V.dYl()V+42
j  ui.bk.actionPerformed(Ljava/awt/event/ActionEvent;)V+25
j  javax.swing.AbstractButton.fireActionPerformed(Ljava/awt/event/ActionEvent;)V+84 java.desktop@9.0.4
j  ui.utils.o.b.B.fireActionPerformed(Ljava/awt/event/ActionEvent;)V+7
j  javax.swing.AbstractButton$Handler.actionPerformed(Ljava/awt/event/ActionEvent;)V+5 java.desktop@9.0.4
j  javax.swing.DefaultButtonModel.fireActionPerformed(Ljava/awt/event/ActionEvent;)V+34 java.desktop@9.0.4
J 26361 c1 javax.swing.DefaultButtonModel.setPressed(Z)V java.desktop@9.0.4 (125 bytes) @ 0x0000011ff272fe44 [0x0000011ff272ef80+0x0000000000000ec4]
j  javax.swing.plaf.basic.BasicButtonListener.mouseReleased(Ljava/awt/event/MouseEvent;)V+35 java.desktop@9.0.4
j  com.jidesoft.plaf.basic.BasicJideButtonListener.mouseReleased(Ljava/awt/event/MouseEvent;)V+61
J 17678 c1 java.awt.AWTEventMulticaster.mouseReleased(Ljava/awt/event/MouseEvent;)V java.desktop@9.0.4 (27 bytes) @ 0x0000011ff0c5bf8c [0x0000011ff0c5bd80+0x000000000000020c]
J 17678 c1 java.awt.AWTEventMulticaster.mouseReleased(Ljava/awt/event/MouseEvent;)V java.desktop@9.0.4 (27 bytes) @ 0x0000011ff0c5bf8c [0x0000011ff0c5bd80+0x000000000000020c]
J 17678 c1 java.awt.AWTEventMulticaster.mouseReleased(Ljava/awt/event/MouseEvent;)V java.desktop@9.0.4 (27 bytes) @ 0x0000011ff0c5bf8c [0x0000011ff0c5bd80+0x000000000000020c]
J 25167 c2 javax.swing.JComponent.processMouseEvent(Ljava/awt/event/MouseEvent;)V java.desktop@9.0.4 (27 bytes) @ 0x0000011ff80d0b10 [0x0000011ff80d0920+0x00000000000001f0]
J 12957 c2 java.awt.Container.processEvent(Ljava/awt/AWTEvent;)V java.desktop@9.0.4 (22 bytes) @ 0x0000011ff88c7940 [0x0000011ff88c7820+0x0000000000000120]
J 28141 c2 java.awt.Component.dispatchEventImpl(Ljava/awt/AWTEvent;)V java.desktop@9.0.4 (739 bytes) @ 0x0000011ff9b05934 [0x0000011ff9b04f20+0x0000000000000a14]
J 28125 c2 java.awt.Container.dispatchEventImpl(Ljava/awt/AWTEvent;)V java.desktop@9.0.4 (129 bytes) @ 0x0000011ff9af9b00 [0x0000011ff9af98a0+0x0000000000000260]
J 28102 c2 java.awt.LightweightDispatcher.retargetMouseEvent(Ljava/awt/Component;ILjava/awt/event/MouseEvent;)V java.desktop@9.0.4 (350 bytes) @ 0x0000011ff9ae72f4 [0x0000011ff9ae6d40+0x00000000000005b4]
J 28125 c2 java.awt.Container.dispatchEventImpl(Ljava/awt/AWTEvent;)V java.desktop@9.0.4 (129 bytes) @ 0x0000011ff9afa144 [0x0000011ff9af98a0+0x00000000000008a4]
J 16559 c2 java.awt.Window.dispatchEventImpl(Ljava/awt/AWTEvent;)V java.desktop@9.0.4 (23 bytes) @ 0x0000011ff8d0d38c [0x0000011ff8d0d340+0x000000000000004c]
J 12802 c2 java.awt.EventQueue$3.run()Ljava/lang/Object; java.desktop@9.0.4 (5 bytes) @ 0x0000011ff88ab7d4 [0x0000011ff88ab620+0x00000000000001b4]
v  ~StubRoutines::call_stub
J 3782  java.security.AccessController.doPrivileged(Ljava/security/PrivilegedAction;Ljava/security/AccessControlContext;)Ljava/lang/Object; java.base@9.0.4 (0 bytes) @ 0x0000011ff80f1046 [0x0000011ff80f0fe0+0x0000000000000066]
J 16059 c2 java.awt.EventQueue$4.run()Ljava/lang/Object; java.desktop@9.0.4 (5 bytes) @ 0x0000011ff8bfb640 [0x0000011ff8bfb3e0+0x0000000000000260]
v  ~StubRoutines::call_stub
J 3782  java.security.AccessController.doPrivileged(Ljava/security/PrivilegedAction;Ljava/security/AccessControlContext;)Ljava/lang/Object; java.base@9.0.4 (0 bytes) @ 0x0000011ff80f1046 [0x0000011ff80f0fe0+0x0000000000000066]
J 12801 c2 java.awt.EventQueue.dispatchEvent(Ljava/awt/AWTEvent;)V java.desktop@9.0.4 (80 bytes) @ 0x0000011ff88aaa44 [0x0000011ff88aa4c0+0x0000000000000584]
J 12803 c2 ui.frmwork.b.d.dispatchEvent(Ljava/awt/AWTEvent;)V (34 bytes) @ 0x0000011ff88ac95c [0x0000011ff88ac860+0x00000000000000fc]
J 28119 c2 java.awt.EventDispatchThread.pumpOneEventForFilters(I)V java.desktop@9.0.4 (218 bytes) @ 0x0000011ff9af6df4 [0x0000011ff9af6920+0x00000000000004d4]
J 18624% c2 java.awt.EventDispatchThread.pumpEventsForFilter(ILjava/awt/Conditional;Ljava/awt/EventFilter;)V java.desktop@9.0.4 (47 bytes) @ 0x0000011ff901efc0 [0x0000011ff901eec0+0x0000000000000100]
j  java.awt.EventDispatchThread.pumpEventsForHierarchy(ILjava/awt/Conditional;Ljava/awt/Component;)V+11 java.desktop@9.0.4
j  java.awt.EventDispatchThread.pumpEvents(ILjava/awt/Conditional;)V+4 java.desktop@9.0.4
j  java.awt.EventDispatchThread.pumpEvents(Ljava/awt/Conditional;)V+3 java.desktop@9.0.4
j  java.awt.EventDispatchThread.run()V+9 java.desktop@9.0.4
v  ~StubRoutines::call_stub

siginfo: EXCEPTION_ACCESS_VIOLATION (0xc0000005), reading address 0x0000000000000044


Register to memory mapping:

RIP=0x00007ffcc3e81439 is an unknown value
RAX=0x0000011f91d46c60 is an unknown value
RBX=0x0000011f8aaf86c0 is an unknown value
RCX=0x0000000000000000 is an unknown value
RDX=0x0000011f9031dcc0 is an unknown value
RSP=0x000000053fef47d0 is pointing into the stack for thread: 0x0000011fe558d000
RBP=0x000000053fef4970 is pointing into the stack for thread: 0x0000011fe558d000
RSI=0x0000000000000000 is an unknown value
RDI=0x000000053fef4930 is pointing into the stack for thread: 0x0000011fe558d000
R8 =0x000000053fef4870 is pointing into the stack for thread: 0x0000011fe558d000
R9 =0x0000000000000018 is an unknown value
R10=0x0000000000000040 is an unknown value
R11=0x000000000000006d is an unknown value
R12=0x0000011f93a567e0 is an unknown value
R13=0x0000000000000001 is an unknown value
R14=0x0000011f9031dcc0 is an unknown value
R15=0x000000053fef4870 is pointing into the stack for thread: 0x0000011fe558d000


Registers:
RAX=0x0000011f91d46c60, RBX=0x0000011f8aaf86c0, RCX=0x0000000000000000, RDX=0x0000011f9031dcc0
RSP=0x000000053fef47d0, RBP=0x000000053fef4970, RSI=0x0000000000000000, RDI=0x000000053fef4930
R8 =0x000000053fef4870, R9 =0x0000000000000018, R10=0x0000000000000040, R11=0x000000000000006d
R12=0x0000011f93a567e0, R13=0x0000000000000001, R14=0x0000011f9031dcc0, R15=0x000000053fef4870
RIP=0x00007ffcc3e81439, EFLAGS=0x0000000000010202

Top of Stack: (sp=0x000000053fef47d0)
0x000000053fef47d0:   000000053fef4f00 0000000000000000
0x000000053fef47e0:   0000000000000000 0000011f93a567e0
0x000000053fef47f0:   0000011f8aaf86c0 0000000000000002
0x000000053fef4800:   fffffffffffffffe 00007ffd95f3fde6
0x000000053fef4810:   0000000000000000 00000000000004f8
0x000000053fef4820:   000000053fef4f00 0000000000005800
0x000000053fef4830:   000000053fef4930 00007ffcc3e95107
0x000000053fef4840:   00000000000004f8 0000011f8aaf86c0
0x000000053fef4850:   0000011f91d46c60 0000011f93a80728
0x000000053fef4860:   0000011f8aaf86c0 00007ffcc3e94e12
0x000000053fef4870:   0000011f8aaf86c0 0000011f93a80700
0x000000053fef4880:   0000000000000002 0000011f93a80700
0x000000053fef4890:   0000011f93a80700 00000007086f4748
0x000000053fef48a0:   00000007c00baa40 0000011f93a567e0
0x000000053fef48b0:   0000000703d39fc8 0000011f93a806b0
0x000000053fef48c0:   0000000000000001 0000000000000000 

Instructions: (pc=0x00007ffcc3e81439)
0x00007ffcc3e81419:   50 48 c7 44 24 30 fe ff ff ff 48 89 5c 24 78 48
0x00007ffcc3e81429:   89 b4 24 80 00 00 00 4d 8b f8 4c 8b f2 48 8b f1
0x00007ffcc3e81439:   83 79 44 00 75 07 33 c0 e9 da 00 00 00 33 db 39
0x00007ffcc3e81449:   59 44 75 04 8b c3 eb 06 48 8b 41 48 8b 00 8b d0 



---------------  P R O C E S S  ---------------

Java Threads: ( => current thread )
  0x0000011f8b151800 JavaThread "Relaunch Simulation" [_thread_blocked, id=18312, stack(0x0000000545900000,0x0000000545e00000)]
  0x0000011f8b147000 JavaThread "Monitor File Timestamp Swing Worker" [_thread_blocked, id=12012, stack(0x0000000545400000,0x0000000545900000)]
  0x0000011f8b14e000 JavaThread "Timer-9" [_thread_blocked, id=11296, stack(0x0000000544f00000,0x0000000545400000)]
  0x0000011f8b145000 JavaThread "Swing-Shell" daemon [_thread_blocked, id=9048, stack(0x0000000544a00000,0x0000000544f00000)]
  0x0000011f8b146800 JavaThread "SyntheticaAnimation 50" daemon [_thread_blocked, id=15100, stack(0x0000000543a00000,0x0000000543f00000)]
  0x0000011f8b14b800 JavaThread "Monitor File Timestamp Swing Worker" [_thread_blocked, id=17096, stack(0x0000000544500000,0x0000000544a00000)]
  0x0000011f8b144000 JavaThread "Timer-8" [_thread_blocked, id=3976, stack(0x0000000543500000,0x0000000543a00000)]
  0x0000011f8b145800 JavaThread "Image Animator 3" daemon [_thread_blocked, id=3696, stack(0x0000000541d00000,0x0000000542200000)]
  0x0000011f8b148000 JavaThread "SyntheticaAnimation 50" daemon [_thread_blocked, id=18368, stack(0x000000053f000000,0x000000053f500000)]
  0x0000011f8b149800 JavaThread "Update Runs Swing Worker" [_thread_blocked, id=9948, stack(0x0000000544000000,0x0000000544500000)]
  0x0000011fe4a10000 JavaThread "hw_ila_monitor" [_thread_blocked, id=7140, stack(0x0000000542c00000,0x0000000543100000)]
  0x0000011fe4a15000 JavaThread "Refresh Filesets Swing Worker" [_thread_blocked, id=18376, stack(0x0000000542700000,0x0000000542c00000)]
  0x0000011fe4a14800 JavaThread "SyntheticaAnimation 70" daemon [_thread_blocked, id=6300, stack(0x0000000542200000,0x0000000542700000)]
  0x0000011fe4a0e800 JavaThread "SyntheticaAnimation 25" daemon [_thread_blocked, id=12040, stack(0x0000000540900000,0x0000000540e00000)]
  0x0000011fe4a11800 JavaThread "SyntheticaAnimation 50" daemon [_thread_blocked, id=2352, stack(0x0000000541800000,0x0000000541d00000)]
  0x0000011fe4a0f000 JavaThread "Monitor HEventQueue" [_thread_blocked, id=14072, stack(0x0000000541300000,0x0000000541800000)]
  0x0000011fe4a10800 JavaThread "SyntheticaCleanerThread" daemon [_thread_blocked, id=10812, stack(0x0000000540e00000,0x0000000541300000)]
  0x0000011fe4a13000 JavaThread "Batik CleanerThread" daemon [_thread_blocked, id=9620, stack(0x000000053ff00000,0x0000000540400000)]
  0x0000011f8b43a800 JavaThread "Process Messages" [_thread_blocked, id=17736, stack(0x0000000540400000,0x0000000540900000)]
  0x0000011f8b43a000 JavaThread "Thread-1" [_thread_in_native, id=17108, stack(0x0000000539700000,0x000000053ab00000)]
=>0x0000011fe558d000 JavaThread "AWT-EventQueue-0" [_thread_in_native, id=7800, stack(0x000000053fa00000,0x000000053ff00000)]
  0x0000011fe4beb800 JavaThread "AWT-Shutdown" [_thread_blocked, id=1884, stack(0x000000053f500000,0x000000053fa00000)]
  0x0000011f8acfc800 JavaThread "TimerQueue" daemon [_thread_blocked, id=14316, stack(0x000000053e600000,0x000000053eb00000)]
  0x0000011fe56b0800 JavaThread "AWT-Windows" daemon [_thread_in_native, id=13344, stack(0x000000053eb00000,0x000000053f000000)]
  0x0000011fe5392800 JavaThread "Java2D Disposer" daemon [_thread_blocked, id=14060, stack(0x000000053e100000,0x000000053e600000)]
  0x0000011fe889b800 JavaThread "Service Thread" daemon [_thread_blocked, id=16604, stack(0x000000053db00000,0x000000053e000000)]
  0x0000011fe8a38800 JavaThread "Common-Cleaner" daemon [_thread_blocked, id=4512, stack(0x000000053d600000,0x000000053db00000)]
  0x0000011fe4a12000 JavaThread "Sweeper thread" daemon [_thread_blocked, id=17448, stack(0x000000053d100000,0x000000053d600000)]
  0x0000011fe8886000 JavaThread "C1 CompilerThread2" daemon [_thread_blocked, id=12868, stack(0x000000053d000000,0x000000053d100000)]
  0x0000011fe8885000 JavaThread "C2 CompilerThread1" daemon [_thread_blocked, id=1476, stack(0x000000053cf00000,0x000000053d000000)]
  0x0000011fe88f0800 JavaThread "C2 CompilerThread0" daemon [_thread_blocked, id=11412, stack(0x000000053ce00000,0x000000053cf00000)]
  0x0000011fe828d000 JavaThread "Attach Listener" daemon [_thread_blocked, id=10108, stack(0x000000053c900000,0x000000053ce00000)]
  0x0000011fe828c800 JavaThread "Signal Dispatcher" daemon [_thread_blocked, id=9200, stack(0x000000053c400000,0x000000053c900000)]
  0x0000011fe8a8c000 JavaThread "Finalizer" daemon [_thread_blocked, id=11796, stack(0x000000053bf00000,0x000000053c400000)]
  0x0000011fe8a8b800 JavaThread "Reference Handler" daemon [_thread_blocked, id=10128, stack(0x000000053ba00000,0x000000053bf00000)]
  0x0000011fe81d7800 JavaThread "main" [_thread_blocked, id=13412, stack(0x000000053ad00000,0x000000053ae00000)]

Other Threads:
  0x0000011fe88c5000 VMThread "VM Thread" [stack: 0x000000053b900000,0x000000053ba00000] [id=11944]
  0x0000011fe46dc000 WatcherThread [stack: 0x000000053e000000,0x000000053e100000] [id=1412]
  0x0000011fe8ba6800 GCTaskThread "GC Thread#0" [stack: 0x000000053ae00000,0x000000053af00000] [id=6672]
  0x0000011fe423f000 GCTaskThread "GC Thread#1" [stack: 0x000000053af00000,0x000000053b000000] [id=16988]
  0x0000011fe4241000 GCTaskThread "GC Thread#2" [stack: 0x000000053b000000,0x000000053b100000] [id=9676]
  0x0000011fe423c000 GCTaskThread "GC Thread#3" [stack: 0x000000053b100000,0x000000053b200000] [id=16560]
  0x0000011fe8d9b000 ConcurrentGCThread "G1 Main Marker" [stack: 0x000000053b700000,0x000000053b800000] [id=8176]
  0x0000011fe423b800 ConcurrentGCThread "G1 Marker#0" [stack: 0x000000053b800000,0x000000053b900000] [id=10152]
  0x0000011fe5c7b800 ConcurrentGCThread "G1 Refine#0" [stack: 0x000000053b500000,0x000000053b600000] [id=13912]
  0x0000011fe8bee000 ConcurrentGCThread "G1 Refine#1" [stack: 0x000000053b400000,0x000000053b500000] [id=9240]
  0x0000011fe8a1d000 ConcurrentGCThread "G1 Refine#2" [stack: 0x000000053b300000,0x000000053b400000] [id=9400]
  0x0000011fe0adc000 ConcurrentGCThread "G1 Refine#3" [stack: 0x000000053b200000,0x000000053b300000] [id=5172]
  0x0000011fe8aa1000 ConcurrentGCThread "G1 Young RemSet Sampling" [stack: 0x000000053b600000,0x000000053b700000] [id=7460]

Threads with active compile tasks:

VM state:not at safepoint (normal execution)

VM Mutex/Monitor currently owned by a thread: None

Heap address: 0x0000000700000000, size: 3072 MB, Compressed Oops mode: Zero based, Oop shift amount: 3
Narrow klass base: 0x0000000000000000, Narrow klass shift: 3
Compressed class space size: 1073741824 Address: 0x00000007c0000000

Heap:
 garbage-first heap   total 157696K, used 96154K [0x0000000700000000, 0x00000007001004d0, 0x00000007c0000000)
  region size 1024K, 22 young (22528K), 1 survivors (1024K)
 Metaspace       used 86362K, capacity 88163K, committed 93900K, reserved 1130496K
  class space    used 11179K, capacity 11590K, committed 12800K, reserved 1048576K
Heap Regions: E=young(eden), S=young(survivor), O=old, HS=humongous(starts), HC=humongous(continues), CS=collection set, F=free, A=archive, TS=gc time stamp, AC=allocation context, TAMS=top-at-mark-start (previous, next)
|   0|0x0000000700000000, 0x00000007000f98f8, 0x0000000700100000| 97%| O|  |TS  0|AC  0|TAMS 0x00000007000f98f8, 0x00000007000f98f8|
|   1|0x0000000700100000, 0x0000000700200000, 0x0000000700200000|100%|HS|  |TS  0|AC  0|TAMS 0x0000000700200000, 0x0000000700200000|
|   2|0x0000000700200000, 0x0000000700300000, 0x0000000700300000|100%|HC|  |TS  0|AC  0|TAMS 0x0000000700300000, 0x0000000700300000|
|   3|0x0000000700300000, 0x0000000700400000, 0x0000000700400000|100%|HS|  |TS  0|AC  0|TAMS 0x0000000700400000, 0x0000000700400000|
|   4|0x0000000700400000, 0x00000007004f8f48, 0x0000000700500000| 97%| O|  |TS  0|AC  0|TAMS 0x00000007004f8f48, 0x00000007004f8f48|
|   5|0x0000000700500000, 0x00000007005ffff0, 0x0000000700600000| 99%| O|  |TS  0|AC  0|TAMS 0x00000007005ffff0, 0x00000007005ffff0|
|   6|0x0000000700600000, 0x00000007006fffd8, 0x0000000700700000| 99%| O|  |TS  0|AC  0|TAMS 0x00000007006fffd8, 0x00000007006fffd8|
|   7|0x0000000700700000, 0x0000000700800000, 0x0000000700800000|100%| O|  |TS  0|AC  0|TAMS 0x0000000700800000, 0x0000000700800000|
|   8|0x0000000700800000, 0x00000007008fffc8, 0x0000000700900000| 99%| O|  |TS  0|AC  0|TAMS 0x00000007008fffc8, 0x00000007008fffc8|
|   9|0x0000000700900000, 0x00000007009ffff0, 0x0000000700a00000| 99%| O|  |TS  0|AC  0|TAMS 0x00000007009ffff0, 0x00000007009ffff0|
|  10|0x0000000700a00000, 0x0000000700afffe8, 0x0000000700b00000| 99%| O|  |TS  0|AC  0|TAMS 0x0000000700afffe8, 0x0000000700afffe8|
|  11|0x0000000700b00000, 0x0000000700be4948, 0x0000000700c00000| 89%| O|  |TS  0|AC  0|TAMS 0x0000000700be4948, 0x0000000700be4948|
|  12|0x0000000700c00000, 0x0000000700cffdb8, 0x0000000700d00000| 99%| O|  |TS  0|AC  0|TAMS 0x0000000700cffdb8, 0x0000000700cffdb8|
|  13|0x0000000700d00000, 0x0000000700dfffa8, 0x0000000700e00000| 99%| O|  |TS  0|AC  0|TAMS 0x0000000700dfffa8, 0x0000000700dfffa8|
|  14|0x0000000700e00000, 0x0000000700effff0, 0x0000000700f00000| 99%| O|  |TS  0|AC  0|TAMS 0x0000000700effff0, 0x0000000700effff0|
|  15|0x0000000700f00000, 0x0000000700fffff0, 0x0000000701000000| 99%| O|  |TS  0|AC  0|TAMS 0x0000000700fffff0, 0x0000000700fffff0|
|  16|0x0000000701000000, 0x00000007010ffff0, 0x0000000701100000| 99%| O|  |TS  0|AC  0|TAMS 0x00000007010ffff0, 0x00000007010ffff0|
|  17|0x0000000701100000, 0x00000007011ffde0, 0x0000000701200000| 99%| O|  |TS  0|AC  0|TAMS 0x00000007011ffde0, 0x00000007011ffde0|
|  18|0x0000000701200000, 0x00000007012ffff8, 0x0000000701300000| 99%| O|  |TS  0|AC  0|TAMS 0x00000007012ffff8, 0x00000007012ffff8|
|  19|0x0000000701300000, 0x0000000701400000, 0x0000000701400000|100%| O|  |TS  0|AC  0|TAMS 0x0000000701400000, 0x0000000701400000|
|  20|0x0000000701400000, 0x0000000701500000, 0x0000000701500000|100%|HS|  |TS  0|AC  0|TAMS 0x0000000701500000, 0x0000000701500000|
|  21|0x0000000701500000, 0x00000007015fffc8, 0x0000000701600000| 99%| O|  |TS  0|AC  0|TAMS 0x00000007015fffc8, 0x00000007015fffc8|
|  22|0x0000000701600000, 0x00000007016fffd0, 0x0000000701700000| 99%| O|  |TS  0|AC  0|TAMS 0x00000007016fffd0, 0x00000007016fffd0|
|  23|0x0000000701700000, 0x00000007017fff68, 0x0000000701800000| 99%| O|  |TS  0|AC  0|TAMS 0x00000007017fff68, 0x00000007017fff68|
|  24|0x0000000701800000, 0x0000000701900000, 0x0000000701900000|100%| O|  |TS  0|AC  0|TAMS 0x0000000701900000, 0x0000000701900000|
|  25|0x0000000701900000, 0x00000007019fffe8, 0x0000000701a00000| 99%| O|  |TS  0|AC  0|TAMS 0x00000007019fffe8, 0x00000007019fffe8|
|  26|0x0000000701a00000, 0x0000000701affff0, 0x0000000701b00000| 99%| O|  |TS  0|AC  0|TAMS 0x0000000701affff0, 0x0000000701affff0|
|  27|0x0000000701b00000, 0x0000000701bffff0, 0x0000000701c00000| 99%| O|  |TS  0|AC  0|TAMS 0x0000000701bffff0, 0x0000000701bffff0|
|  28|0x0000000701c00000, 0x0000000701cffff0, 0x0000000701d00000| 99%| O|  |TS  0|AC  0|TAMS 0x0000000701cffff0, 0x0000000701cffff0|
|  29|0x0000000701d00000, 0x0000000701dffff0, 0x0000000701e00000| 99%| O|  |TS  0|AC  0|TAMS 0x0000000701dffff0, 0x0000000701dffff0|
|  30|0x0000000701e00000, 0x0000000701effe88, 0x0000000701f00000| 99%| O|  |TS  0|AC  0|TAMS 0x0000000701effe88, 0x0000000701effe88|
|  31|0x0000000701f00000, 0x0000000701ffffe8, 0x0000000702000000| 99%| O|  |TS  0|AC  0|TAMS 0x0000000701ffffe8, 0x0000000701ffffe8|
|  32|0x0000000702000000, 0x00000007020fffd8, 0x0000000702100000| 99%| O|  |TS  0|AC  0|TAMS 0x00000007020fffd8, 0x00000007020fffd8|
|  33|0x0000000702100000, 0x00000007021ff4e8, 0x0000000702200000| 99%| O|  |TS  0|AC  0|TAMS 0x00000007021ff4e8, 0x00000007021ff4e8|
|  34|0x0000000702200000, 0x0000000702300000, 0x0000000702300000|100%| O|  |TS  0|AC  0|TAMS 0x0000000702300000, 0x0000000702300000|
|  35|0x0000000702300000, 0x00000007023fffe8, 0x0000000702400000| 99%| O|  |TS  0|AC  0|TAMS 0x00000007023fffe8, 0x00000007023fffe8|
|  36|0x0000000702400000, 0x00000007024ffff8, 0x0000000702500000| 99%| O|  |TS  0|AC  0|TAMS 0x00000007024ffff8, 0x00000007024ffff8|
|  37|0x0000000702500000, 0x00000007025ffec0, 0x0000000702600000| 99%| O|  |TS  0|AC  0|TAMS 0x00000007025ffec0, 0x00000007025ffec0|
|  38|0x0000000702600000, 0x00000007026fdfe8, 0x0000000702700000| 99%| O|  |TS  0|AC  0|TAMS 0x00000007026fdfe8, 0x00000007026fdfe8|
|  39|0x0000000702700000, 0x00000007027fffe8, 0x0000000702800000| 99%| O|  |TS  0|AC  0|TAMS 0x00000007027fffe8, 0x00000007027fffe8|
|  40|0x0000000702800000, 0x0000000702900000, 0x0000000702900000|100%| O|  |TS  0|AC  0|TAMS 0x0000000702900000, 0x0000000702900000|
|  41|0x0000000702900000, 0x00000007029fffd0, 0x0000000702a00000| 99%| O|  |TS  0|AC  0|TAMS 0x00000007029fffd0, 0x00000007029fffd0|
|  42|0x0000000702a00000, 0x0000000702b00000, 0x0000000702b00000|100%| O|  |TS  0|AC  0|TAMS 0x0000000702b00000, 0x0000000702b00000|
|  43|0x0000000702b00000, 0x0000000702bffbe8, 0x0000000702c00000| 99%| O|  |TS  0|AC  0|TAMS 0x0000000702bffbe8, 0x0000000702bffbe8|
|  44|0x0000000702c00000, 0x0000000702cfe020, 0x0000000702d00000| 99%| O|  |TS  0|AC  0|TAMS 0x0000000702cfe020, 0x0000000702cfe020|
|  45|0x0000000702d00000, 0x0000000702e00000, 0x0000000702e00000|100%| O|  |TS  0|AC  0|TAMS 0x0000000702e00000, 0x0000000702e00000|
|  46|0x0000000702e00000, 0x0000000702f00000, 0x0000000702f00000|100%|HS|  |TS  0|AC  0|TAMS 0x0000000702f00000, 0x0000000702f00000|
|  47|0x0000000702f00000, 0x0000000703000000, 0x0000000703000000|100%|HC|  |TS  0|AC  0|TAMS 0x0000000703000000, 0x0000000703000000|
|  48|0x0000000703000000, 0x0000000703100000, 0x0000000703100000|100%|HC|  |TS  0|AC  0|TAMS 0x0000000703100000, 0x0000000703100000|
|  49|0x0000000703100000, 0x0000000703200000, 0x0000000703200000|100%|HC|  |TS  0|AC  0|TAMS 0x0000000703200000, 0x0000000703200000|
|  50|0x0000000703200000, 0x0000000703300000, 0x0000000703300000|100%|HC|  |TS  0|AC  0|TAMS 0x0000000703300000, 0x0000000703300000|
|  51|0x0000000703300000, 0x0000000703400000, 0x0000000703400000|100%|HC|  |TS  0|AC  0|TAMS 0x0000000703400000, 0x0000000703400000|
|  52|0x0000000703400000, 0x0000000703500000, 0x0000000703500000|100%|HC|  |TS  0|AC  0|TAMS 0x0000000703500000, 0x0000000703500000|
|  53|0x0000000703500000, 0x0000000703600000, 0x0000000703600000|100%|HC|  |TS  0|AC  0|TAMS 0x0000000703600000, 0x0000000703600000|
|  54|0x0000000703600000, 0x00000007036ffff0, 0x0000000703700000| 99%| O|  |TS  0|AC  0|TAMS 0x00000007036ffff0, 0x00000007036ffff0|
|  55|0x0000000703700000, 0x00000007037ffff0, 0x0000000703800000| 99%| O|  |TS  0|AC  0|TAMS 0x00000007037ffff0, 0x00000007037ffff0|
|  56|0x0000000703800000, 0x00000007038ff348, 0x0000000703900000| 99%| O|  |TS  0|AC  0|TAMS 0x00000007038ff348, 0x00000007038ff348|
|  57|0x0000000703900000, 0x00000007039fff08, 0x0000000703a00000| 99%| O|  |TS  0|AC  0|TAMS 0x00000007039fff08, 0x00000007039fff08|
|  58|0x0000000703a00000, 0x0000000703afffd0, 0x0000000703b00000| 99%| O|  |TS  0|AC  0|TAMS 0x0000000703afffd0, 0x0000000703afffd0|
|  59|0x0000000703b00000, 0x0000000703bffff0, 0x0000000703c00000| 99%| O|  |TS  0|AC  0|TAMS 0x0000000703bffff0, 0x0000000703bffff0|
|  60|0x0000000703c00000, 0x0000000703d00000, 0x0000000703d00000|100%| O|  |TS  0|AC  0|TAMS 0x0000000703d00000, 0x0000000703d00000|
|  61|0x0000000703d00000, 0x0000000703dffff0, 0x0000000703e00000| 99%| O|  |TS  0|AC  0|TAMS 0x0000000703dffff0, 0x0000000703dffff0|
|  62|0x0000000703e00000, 0x0000000703eed0c8, 0x0000000703f00000| 92%| O|  |TS  0|AC  0|TAMS 0x0000000703eed0c8, 0x0000000703eed0c8|
|  63|0x0000000703f00000, 0x0000000703ffff98, 0x0000000704000000| 99%| O|  |TS  0|AC  0|TAMS 0x0000000703ffff98, 0x0000000703ffff98|
|  64|0x0000000704000000, 0x00000007040fffe0, 0x0000000704100000| 99%| O|  |TS  0|AC  0|TAMS 0x00000007040fffe0, 0x00000007040fffe0|
|  65|0x0000000704100000, 0x00000007041ffff0, 0x0000000704200000| 99%| O|  |TS  0|AC  0|TAMS 0x00000007041ffff0, 0x00000007041ffff0|
|  66|0x0000000704200000, 0x00000007042ffff0, 0x0000000704300000| 99%| O|  |TS  0|AC  0|TAMS 0x00000007042ffff0, 0x00000007042ffff0|
|  67|0x0000000704300000, 0x00000007043ffff8, 0x0000000704400000| 99%| O|  |TS  0|AC  0|TAMS 0x00000007043ffff8, 0x00000007043ffff8|
|  68|0x0000000704400000, 0x00000007044408c8, 0x0000000704500000| 25%| O|  |TS  0|AC  0|TAMS 0x00000007044408c8, 0x00000007044408c8|
|  69|0x0000000704500000, 0x0000000704600000, 0x0000000704600000|100%|HS|  |TS  0|AC  0|TAMS 0x0000000704600000, 0x0000000704600000|
|  70|0x0000000704600000, 0x0000000704700000, 0x0000000704700000|100%|HC|  |TS  0|AC  0|TAMS 0x0000000704700000, 0x0000000704700000|
|  71|0x0000000704700000, 0x0000000704800000, 0x0000000704800000|100%|HC|  |TS  0|AC  0|TAMS 0x0000000704800000, 0x0000000704800000|
|  72|0x0000000704800000, 0x0000000704900000, 0x0000000704900000|100%|HC|  |TS  0|AC  0|TAMS 0x0000000704900000, 0x0000000704900000|
|  73|0x0000000704900000, 0x0000000704900000, 0x0000000704a00000|  0%| F|  |TS  0|AC  0|TAMS 0x0000000704900000, 0x0000000704900000|
|  74|0x0000000704a00000, 0x0000000704b00000, 0x0000000704b00000|100%|HS|  |TS  0|AC  0|TAMS 0x0000000704b00000, 0x0000000704b00000|
|  75|0x0000000704b00000, 0x0000000704b00000, 0x0000000704c00000|  0%| F|  |TS  0|AC  0|TAMS 0x0000000704b00000, 0x0000000704b00000|
|  76|0x0000000704c00000, 0x0000000704c00000, 0x0000000704d00000|  0%| F|  |TS  0|AC  0|TAMS 0x0000000704c00000, 0x0000000704c00000|
|  77|0x0000000704d00000, 0x0000000704d00000, 0x0000000704e00000|  0%| F|  |TS  0|AC  0|TAMS 0x0000000704d00000, 0x0000000704d00000|
|  78|0x0000000704e00000, 0x0000000704e00000, 0x0000000704f00000|  0%| F|  |TS  0|AC  0|TAMS 0x0000000704e00000, 0x0000000704e00000|
|  79|0x0000000704f00000, 0x0000000704f00000, 0x0000000705000000|  0%| F|  |TS  0|AC  0|TAMS 0x0000000704f00000, 0x0000000704f00000|
|  80|0x0000000705000000, 0x0000000705000000, 0x0000000705100000|  0%| F|  |TS  0|AC  0|TAMS 0x0000000705000000, 0x0000000705000000|
|  81|0x0000000705100000, 0x0000000705100000, 0x0000000705200000|  0%| F|  |TS  0|AC  0|TAMS 0x0000000705100000, 0x0000000705100000|
|  82|0x0000000705200000, 0x0000000705200000, 0x0000000705300000|  0%| F|  |TS  0|AC  0|TAMS 0x0000000705200000, 0x0000000705200000|
|  83|0x0000000705300000, 0x0000000705300000, 0x0000000705400000|  0%| F|  |TS  0|AC  0|TAMS 0x0000000705300000, 0x0000000705300000|
|  84|0x0000000705400000, 0x0000000705400000, 0x0000000705500000|  0%| F|  |TS  0|AC  0|TAMS 0x0000000705400000, 0x0000000705400000|
|  85|0x0000000705500000, 0x0000000705500000, 0x0000000705600000|  0%| F|  |TS  0|AC  0|TAMS 0x0000000705500000, 0x0000000705500000|
|  86|0x0000000705600000, 0x0000000705600000, 0x0000000705700000|  0%| F|  |TS  0|AC  0|TAMS 0x0000000705600000, 0x0000000705600000|
|  87|0x0000000705700000, 0x0000000705700000, 0x0000000705800000|  0%| F|  |TS  0|AC  0|TAMS 0x0000000705700000, 0x0000000705700000|
|  88|0x0000000705800000, 0x0000000705800000, 0x0000000705900000|  0%| F|  |TS  0|AC  0|TAMS 0x0000000705800000, 0x0000000705800000|
|  89|0x0000000705900000, 0x0000000705900000, 0x0000000705a00000|  0%| F|  |TS  0|AC  0|TAMS 0x0000000705900000, 0x0000000705900000|
|  90|0x0000000705a00000, 0x0000000705a00000, 0x0000000705b00000|  0%| F|  |TS  0|AC  0|TAMS 0x0000000705a00000, 0x0000000705a00000|
|  91|0x0000000705b00000, 0x0000000705b00000, 0x0000000705c00000|  0%| F|  |TS  0|AC  0|TAMS 0x0000000705b00000, 0x0000000705b00000|
|  92|0x0000000705c00000, 0x0000000705c00000, 0x0000000705d00000|  0%| F|  |TS  0|AC  0|TAMS 0x0000000705c00000, 0x0000000705c00000|
|  93|0x0000000705d00000, 0x0000000705d00000, 0x0000000705e00000|  0%| F|  |TS  1|AC  0|TAMS 0x0000000705d00000, 0x0000000705d00000|
|  94|0x0000000705e00000, 0x0000000705ee8620, 0x0000000705f00000| 90%| S|CS|TS  1|AC  0|TAMS 0x0000000705e00000, 0x0000000705e00000|
|  95|0x0000000705f00000, 0x0000000705f00000, 0x0000000706000000|  0%| F|  |TS  1|AC  0|TAMS 0x0000000705f00000, 0x0000000705f00000|
|  96|0x0000000706000000, 0x0000000706000000, 0x0000000706100000|  0%| F|  |TS  1|AC  0|TAMS 0x0000000706000000, 0x0000000706000000|
|  97|0x0000000706100000, 0x0000000706100000, 0x0000000706200000|  0%| F|  |TS  1|AC  0|TAMS 0x0000000706100000, 0x0000000706100000|
|  98|0x0000000706200000, 0x0000000706200000, 0x0000000706300000|  0%| F|  |TS  1|AC  0|TAMS 0x0000000706200000, 0x0000000706200000|
|  99|0x0000000706300000, 0x0000000706300000, 0x0000000706400000|  0%| F|  |TS  1|AC  0|TAMS 0x0000000706300000, 0x0000000706300000|
| 100|0x0000000706400000, 0x0000000706400000, 0x0000000706500000|  0%| F|  |TS  1|AC  0|TAMS 0x0000000706400000, 0x0000000706400000|
| 101|0x0000000706500000, 0x0000000706500000, 0x0000000706600000|  0%| F|  |TS  1|AC  0|TAMS 0x0000000706500000, 0x0000000706500000|
| 102|0x0000000706600000, 0x0000000706600000, 0x0000000706700000|  0%| F|  |TS  1|AC  0|TAMS 0x0000000706600000, 0x0000000706600000|
| 103|0x0000000706700000, 0x0000000706700000, 0x0000000706800000|  0%| F|  |TS  1|AC  0|TAMS 0x0000000706700000, 0x0000000706700000|
| 104|0x0000000706800000, 0x0000000706800000, 0x0000000706900000|  0%| F|  |TS  1|AC  0|TAMS 0x0000000706800000, 0x0000000706800000|
| 105|0x0000000706900000, 0x0000000706900000, 0x0000000706a00000|  0%| F|  |TS  1|AC  0|TAMS 0x0000000706900000, 0x0000000706900000|
| 106|0x0000000706a00000, 0x0000000706a00000, 0x0000000706b00000|  0%| F|  |TS  1|AC  0|TAMS 0x0000000706a00000, 0x0000000706a00000|
| 107|0x0000000706b00000, 0x0000000706b00000, 0x0000000706c00000|  0%| F|  |TS  1|AC  0|TAMS 0x0000000706b00000, 0x0000000706b00000|
| 108|0x0000000706c00000, 0x0000000706c00000, 0x0000000706d00000|  0%| F|  |TS  1|AC  0|TAMS 0x0000000706c00000, 0x0000000706c00000|
| 109|0x0000000706d00000, 0x0000000706d00000, 0x0000000706e00000|  0%| F|  |TS  1|AC  0|TAMS 0x0000000706d00000, 0x0000000706d00000|
| 110|0x0000000706e00000, 0x0000000706e00000, 0x0000000706f00000|  0%| F|  |TS  1|AC  0|TAMS 0x0000000706e00000, 0x0000000706e00000|
| 111|0x0000000706f00000, 0x0000000706f00000, 0x0000000707000000|  0%| F|  |TS  1|AC  0|TAMS 0x0000000706f00000, 0x0000000706f00000|
| 112|0x0000000707000000, 0x0000000707000000, 0x0000000707100000|  0%| F|  |TS  1|AC  0|TAMS 0x0000000707000000, 0x0000000707000000|
| 113|0x0000000707100000, 0x0000000707100000, 0x0000000707200000|  0%| F|  |TS  1|AC  0|TAMS 0x0000000707100000, 0x0000000707100000|
| 114|0x0000000707200000, 0x0000000707200000, 0x0000000707300000|  0%| F|  |TS  1|AC  0|TAMS 0x0000000707200000, 0x0000000707200000|
| 115|0x0000000707300000, 0x0000000707300000, 0x0000000707400000|  0%| F|  |TS  1|AC  0|TAMS 0x0000000707300000, 0x0000000707300000|
| 116|0x0000000707400000, 0x0000000707400000, 0x0000000707500000|  0%| F|  |TS  1|AC  0|TAMS 0x0000000707400000, 0x0000000707400000|
| 117|0x0000000707500000, 0x0000000707500000, 0x0000000707600000|  0%| F|  |TS  1|AC  0|TAMS 0x0000000707500000, 0x0000000707500000|
| 118|0x0000000707600000, 0x0000000707600000, 0x0000000707700000|  0%| F|  |TS  1|AC  0|TAMS 0x0000000707600000, 0x0000000707600000|
| 119|0x0000000707700000, 0x0000000707700000, 0x0000000707800000|  0%| F|  |TS  1|AC  0|TAMS 0x0000000707700000, 0x0000000707700000|
| 120|0x0000000707800000, 0x0000000707800000, 0x0000000707900000|  0%| F|  |TS  1|AC  0|TAMS 0x0000000707800000, 0x0000000707800000|
| 121|0x0000000707900000, 0x0000000707900000, 0x0000000707a00000|  0%| F|  |TS  1|AC  0|TAMS 0x0000000707900000, 0x0000000707900000|
| 122|0x0000000707a00000, 0x0000000707a00000, 0x0000000707b00000|  0%| F|  |TS  1|AC  0|TAMS 0x0000000707a00000, 0x0000000707a00000|
| 123|0x0000000707b00000, 0x0000000707b00000, 0x0000000707c00000|  0%| F|  |TS  1|AC  0|TAMS 0x0000000707b00000, 0x0000000707b00000|
| 124|0x0000000707c00000, 0x0000000707c00000, 0x0000000707d00000|  0%| F|  |TS  1|AC  0|TAMS 0x0000000707c00000, 0x0000000707c00000|
| 125|0x0000000707d00000, 0x0000000707d00000, 0x0000000707e00000|  0%| F|  |TS  1|AC  0|TAMS 0x0000000707d00000, 0x0000000707d00000|
| 126|0x0000000707e00000, 0x0000000707e00000, 0x0000000707f00000|  0%| F|  |TS  1|AC  0|TAMS 0x0000000707e00000, 0x0000000707e00000|
| 127|0x0000000707f00000, 0x0000000707f00000, 0x0000000708000000|  0%| F|  |TS  1|AC  0|TAMS 0x0000000707f00000, 0x0000000707f00000|
| 128|0x0000000708000000, 0x0000000708000000, 0x0000000708100000|  0%| F|  |TS  1|AC  0|TAMS 0x0000000708000000, 0x0000000708000000|
| 129|0x0000000708100000, 0x0000000708100000, 0x0000000708200000|  0%| F|  |TS  1|AC  0|TAMS 0x0000000708100000, 0x0000000708100000|
| 130|0x0000000708200000, 0x0000000708200000, 0x0000000708300000|  0%| F|  |TS  1|AC  0|TAMS 0x0000000708200000, 0x0000000708200000|
| 131|0x0000000708300000, 0x0000000708300000, 0x0000000708400000|  0%| F|  |TS  1|AC  0|TAMS 0x0000000708300000, 0x0000000708300000|
| 132|0x0000000708400000, 0x0000000708400000, 0x0000000708500000|  0%| F|  |TS  1|AC  0|TAMS 0x0000000708400000, 0x0000000708400000|
| 133|0x0000000708500000, 0x000000070854d288, 0x0000000708600000| 30%| E|  |TS  1|AC  0|TAMS 0x0000000708500000, 0x0000000708500000|
| 134|0x0000000708600000, 0x0000000708700000, 0x0000000708700000|100%| E|CS|TS  1|AC  0|TAMS 0x0000000708600000, 0x0000000708600000|
| 135|0x0000000708700000, 0x0000000708800000, 0x0000000708800000|100%| E|CS|TS  1|AC  0|TAMS 0x0000000708700000, 0x0000000708700000|
| 136|0x0000000708800000, 0x0000000708900000, 0x0000000708900000|100%| E|CS|TS  1|AC  0|TAMS 0x0000000708800000, 0x0000000708800000|
| 137|0x0000000708900000, 0x0000000708a00000, 0x0000000708a00000|100%| E|CS|TS  1|AC  0|TAMS 0x0000000708900000, 0x0000000708900000|
| 138|0x0000000708a00000, 0x0000000708b00000, 0x0000000708b00000|100%| E|CS|TS  1|AC  0|TAMS 0x0000000708a00000, 0x0000000708a00000|
| 139|0x0000000708b00000, 0x0000000708c00000, 0x0000000708c00000|100%| E|CS|TS  1|AC  0|TAMS 0x0000000708b00000, 0x0000000708b00000|
| 140|0x0000000708c00000, 0x0000000708d00000, 0x0000000708d00000|100%| E|CS|TS  1|AC  0|TAMS 0x0000000708c00000, 0x0000000708c00000|
| 141|0x0000000708d00000, 0x0000000708e00000, 0x0000000708e00000|100%| E|CS|TS  1|AC  0|TAMS 0x0000000708d00000, 0x0000000708d00000|
| 142|0x0000000708e00000, 0x0000000708f00000, 0x0000000708f00000|100%| E|CS|TS  1|AC  0|TAMS 0x0000000708e00000, 0x0000000708e00000|
| 143|0x0000000708f00000, 0x0000000709000000, 0x0000000709000000|100%| E|CS|TS  1|AC  0|TAMS 0x0000000708f00000, 0x0000000708f00000|
| 144|0x0000000709000000, 0x0000000709100000, 0x0000000709100000|100%| E|CS|TS  1|AC  0|TAMS 0x0000000709000000, 0x0000000709000000|
| 145|0x0000000709100000, 0x0000000709200000, 0x0000000709200000|100%| E|CS|TS  1|AC  0|TAMS 0x0000000709100000, 0x0000000709100000|
| 146|0x0000000709200000, 0x0000000709300000, 0x0000000709300000|100%| E|CS|TS  1|AC  0|TAMS 0x0000000709200000, 0x0000000709200000|
| 147|0x0000000709300000, 0x0000000709400000, 0x0000000709400000|100%| E|CS|TS  1|AC  0|TAMS 0x0000000709300000, 0x0000000709300000|
| 148|0x0000000709400000, 0x0000000709500000, 0x0000000709500000|100%| E|CS|TS  1|AC  0|TAMS 0x0000000709400000, 0x0000000709400000|
| 149|0x0000000709500000, 0x0000000709600000, 0x0000000709600000|100%| E|CS|TS  1|AC  0|TAMS 0x0000000709500000, 0x0000000709500000|
| 150|0x0000000709600000, 0x0000000709700000, 0x0000000709700000|100%| E|CS|TS  1|AC  0|TAMS 0x0000000709600000, 0x0000000709600000|
| 151|0x0000000709700000, 0x0000000709800000, 0x0000000709800000|100%| E|CS|TS  1|AC  0|TAMS 0x0000000709700000, 0x0000000709700000|
| 152|0x0000000709800000, 0x0000000709900000, 0x0000000709900000|100%| E|CS|TS  1|AC  0|TAMS 0x0000000709800000, 0x0000000709800000|
| 153|0x0000000709900000, 0x0000000709a00000, 0x0000000709a00000|100%| E|CS|TS  1|AC  0|TAMS 0x0000000709900000, 0x0000000709900000|

Card table byte_map: [0x0000011f80000000,0x0000011f80600000] byte_map_base: 0x0000011f7c800000

Marking Bits (Prev, Next): (CMBitMap*) 0x0000011fe8b11960, (CMBitMap*) 0x0000011fe8b11998
 Prev Bits: [0x0000011f80c00000, 0x0000011f83c00000)
 Next Bits: [0x0000011f83c00000, 0x0000011f86c00000)

Polling page: 0x0000011fe0980000

CodeHeap 'non-profiled nmethods': size=120064Kb used=27948Kb max_used=28687Kb free=92116Kb
 bounds [0x0000011ff7f10000, 0x0000011ff9b20000, 0x0000011fff450000]
CodeHeap 'profiled nmethods': size=120000Kb used=43304Kb max_used=47762Kb free=76695Kb
 bounds [0x0000011ff09e0000, 0x0000011ff38d0000, 0x0000011ff7f10000]
CodeHeap 'non-nmethods': size=5696Kb used=1793Kb max_used=1853Kb free=3902Kb
 bounds [0x0000011ff0450000, 0x0000011ff06c0000, 0x0000011ff09e0000]
 total_blobs=42366 nmethods=19858 adapters=1119
 compilation: enabled

Compilation events (10 events):
Event: 24369.690 Thread 0x0000011fe8886000 28290       3       ui.data.simulation.executive.protobuf.RSDPrefs$RSDScopePrefs::toBuilder (31 bytes)
Event: 24369.691 Thread 0x0000011fe8886000 nmethod 28290 0x0000011ff0f51a10 code [0x0000011ff0f51ca0, 0x0000011ff0f52a50]
Event: 24369.691 Thread 0x0000011fe8886000 28291       3       ui.data.bk::a (99 bytes)
Event: 24369.692 Thread 0x0000011fe8886000 nmethod 28291 0x0000011ff0fa7a10 code [0x0000011ff0fa7ca0, 0x0000011ff0fa8b50]
Event: 24369.711 Thread 0x0000011fe8886000 28292       3       ui.utils.o.x.i::o (66 bytes)
Event: 24369.711 Thread 0x0000011fe8886000 nmethod 28292 0x0000011ff0dd5410 code [0x0000011ff0dd5620, 0x0000011ff0dd5dd0]
Event: 24370.714 Thread 0x0000011fe8886000 28293       3       ui.frmwork.d.b::bIr (8 bytes)
Event: 24370.715 Thread 0x0000011fe8886000 nmethod 28293 0x0000011ff0e31910 code [0x0000011ff0e31ac0, 0x0000011ff0e31c50]
Event: 24371.715 Thread 0x0000011fe8886000 28295       3       ui.views.x.b.s::a (192 bytes)
Event: 24371.716 Thread 0x0000011fe8886000 nmethod 28295 0x0000011ff12a4910 code [0x0000011ff12a4c80, 0x0000011ff12a6910]

GC Heap History (10 events):
Event: 24277.438 GC heap before
{Heap before GC invocations=1362 (full 147):
 garbage-first heap   total 157696K, used 135963K [0x0000000700000000, 0x00000007001004d0, 0x00000007c0000000)
  region size 1024K, 60 young (61440K), 1 survivors (1024K)
 Metaspace       used 86352K, capacity 88163K, committed 93900K, reserved 1130496K
  class space    used 11179K, capacity 11590K, committed 12800K, reserved 1048576K
}
Event: 24277.449 GC heap after
{Heap after GC invocations=1363 (full 147):
 garbage-first heap   total 157696K, used 75546K [0x0000000700000000, 0x00000007001004d0, 0x00000007c0000000)
  region size 1024K, 1 young (1024K), 1 survivors (1024K)
 Metaspace       used 86352K, capacity 88163K, committed 93900K, reserved 1130496K
  class space    used 11179K, capacity 11590K, committed 12800K, reserved 1048576K
}
Event: 24339.656 GC heap before
{Heap before GC invocations=1363 (full 147):
 garbage-first heap   total 157696K, used 135962K [0x0000000700000000, 0x00000007001004d0, 0x00000007c0000000)
  region size 1024K, 60 young (61440K), 1 survivors (1024K)
 Metaspace       used 86352K, capacity 88163K, committed 93900K, reserved 1130496K
  class space    used 11179K, capacity 11590K, committed 12800K, reserved 1048576K
}
Event: 24339.660 GC heap after
{Heap after GC invocations=1364 (full 147):
 garbage-first heap   total 157696K, used 75513K [0x0000000700000000, 0x00000007001004d0, 0x00000007c0000000)
  region size 1024K, 1 young (1024K), 1 survivors (1024K)
 Metaspace       used 86352K, capacity 88163K, committed 93900K, reserved 1130496K
  class space    used 11179K, capacity 11590K, committed 12800K, reserved 1048576K
}
Event: 24355.140 GC heap before
{Heap before GC invocations=1365 (full 147):
 garbage-first heap   total 157696K, used 135929K [0x0000000700000000, 0x00000007001004d0, 0x00000007c0000000)
  region size 1024K, 60 young (61440K), 1 survivors (1024K)
 Metaspace       used 86352K, capacity 88163K, committed 93900K, reserved 1130496K
  class space    used 11179K, capacity 11590K, committed 12800K, reserved 1048576K
}
Event: 24355.145 GC heap after
{Heap after GC invocations=1366 (full 147):
 garbage-first heap   total 157696K, used 75212K [0x0000000700000000, 0x00000007001004d0, 0x00000007c0000000)
  region size 1024K, 1 young (1024K), 1 survivors (1024K)
 Metaspace       used 86352K, capacity 88163K, committed 93900K, reserved 1130496K
  class space    used 11179K, capacity 11590K, committed 12800K, reserved 1048576K
}
Event: 24366.956 GC heap before
{Heap before GC invocations=1366 (full 147):
 garbage-first heap   total 157696K, used 135628K [0x0000000700000000, 0x00000007001004d0, 0x00000007c0000000)
  region size 1024K, 60 young (61440K), 1 survivors (1024K)
 Metaspace       used 86360K, capacity 88163K, committed 93900K, reserved 1130496K
  class space    used 11179K, capacity 11590K, committed 12800K, reserved 1048576K
}
Event: 24366.962 GC heap after
{Heap after GC invocations=1367 (full 147):
 garbage-first heap   total 157696K, used 75486K [0x0000000700000000, 0x00000007001004d0, 0x00000007c0000000)
  region size 1024K, 1 young (1024K), 1 survivors (1024K)
 Metaspace       used 86360K, capacity 88163K, committed 93900K, reserved 1130496K
  class space    used 11179K, capacity 11590K, committed 12800K, reserved 1048576K
}
Event: 24371.384 GC heap before
{Heap before GC invocations=1368 (full 147):
 garbage-first heap   total 157696K, used 135902K [0x0000000700000000, 0x00000007001004d0, 0x00000007c0000000)
  region size 1024K, 60 young (61440K), 1 survivors (1024K)
 Metaspace       used 86362K, capacity 88163K, committed 93900K, reserved 1130496K
  class space    used 11179K, capacity 11590K, committed 12800K, reserved 1048576K
}
Event: 24371.389 GC heap after
{Heap after GC invocations=1369 (full 147):
 garbage-first heap   total 157696K, used 75674K [0x0000000700000000, 0x00000007001004d0, 0x00000007c0000000)
  region size 1024K, 1 young (1024K), 1 survivors (1024K)
 Metaspace       used 86362K, capacity 88163K, committed 93900K, reserved 1130496K
  class space    used 11179K, capacity 11590K, committed 12800K, reserved 1048576K
}

Deoptimization events (10 events):
Event: 21428.250 Thread 0x0000011fe558d000 Uncommon trap: reason=unstable_if action=reinterpret pc=0x0000011ff9aed924 method=sun.java2d.pipe.PixelToParallelogramConverter.draw(Lsun/java2d/SunGraphics2D;Ljava/awt/Shape;)V @ 146 c2
Event: 21429.131 Thread 0x0000011fe558d000 Uncommon trap: reason=null_assert_or_unreached0 action=make_not_entrant pc=0x0000011ff9aea3e8 method=ui.data.o.b.b.a.b.o(Lui/data/o/a;)Ljava/awt/BasicStroke; @ 4 c2
Event: 24343.131 Thread 0x0000011fe558d000 Uncommon trap: reason=unstable_if action=reinterpret pc=0x0000011ff942c800 method=com.jidesoft.editor.tokenmarker.TokenMarker.markTokens(Ljavax/swing/text/Segment;I)Lcom/jidesoft/editor/tokenmarker/Token; @ 134 c2
Event: 24366.123 Thread 0x0000011fe558d000 Uncommon trap: reason=null_check action=make_not_entrant pc=0x0000011ff8fb06a4 method=javax.swing.text.PlainView.getFPMethodOverridden(Ljava/lang/Class;Ljava/lang/String;Ljavax/swing/text/PlainView$FPMethodArgs;)Z @ 14 c2
Event: 24366.871 Thread 0x0000011fe558d000 Uncommon trap: reason=null_check action=make_not_entrant pc=0x0000011ff80a7b18 method=jdk.internal.loader.BuiltinClassLoader.findMiscResource(Ljava/lang/String;)Ljava/util/List; @ 13 c2
Event: 24366.876 Thread 0x0000011fe558d000 Uncommon trap: reason=unstable_if action=reinterpret pc=0x0000011ff8d5633c method=sun.util.locale.provider.LocaleResources.removeEmptyReferences()V @ 9 c2
Event: 24366.877 Thread 0x0000011fe558d000 Uncommon trap: reason=null_check action=make_not_entrant pc=0x0000011ff8f05b10 method=sun.util.locale.provider.LocaleResources.getDecimalFormatSymbolsData()[Ljava/lang/Object; @ 15 c2
Event: 24369.711 Thread 0x0000011fe558d000 Uncommon trap: reason=unstable_if action=reinterpret pc=0x0000011ff943c628 method=javax.swing.tree.VariableHeightLayoutCache.getRowForPath(Ljavax/swing/tree/TreePath;)I @ 15 c2
Event: 24369.712 Thread 0x0000011fe558d000 Uncommon trap: reason=unstable_if action=reinterpret pc=0x0000011ff8da7ce8 method=javax.swing.tree.VariableHeightLayoutCache.getRowForPath(Ljavax/swing/tree/TreePath;)I @ 15 c2
Event: 24369.712 Thread 0x0000011fe558d000 Uncommon trap: reason=unstable_if action=reinterpret pc=0x0000011ff83438c0 method=javax.swing.tree.VariableHeightLayoutCache.getRowForPath(Ljavax/swing/tree/TreePath;)I @ 15 c2

Classes redefined (0 events):
No events

Internal exceptions (10 events):
Event: 20382.471 Thread 0x0000011fe558d000 Implicit null exception at 0x0000011ff983d332 to 0x0000011ff983e22d
Event: 20398.460 Thread 0x0000011fe558d000 Exception <a 'java/lang/NoSuchMethodError'{0x0000000707c117b8}: java.lang.invoke.DelegatingMethodHandle$Holder.reinvoke_L(Ljava/lang/Object;IILjava/lang/Object;Ljava/lang/Object;Ljava/lang/Object;)Ljava/lang/Object;> (0x0000000707c117b8) thrown at [t:/wor
Event: 20403.476 Thread 0x0000011fe558d000 Exception <a 'java/lang/NoSuchMethodError'{0x00000007078df750}: java.lang.invoke.DirectMethodHandle$Holder.invokeStaticInit(Ljava/lang/Object;Ljava/lang/Object;)I> (0x00000007078df750) thrown at [t:/workspace/hotspot/src/share/vm/interpreter/linkResolver.
Event: 21269.992 Thread 0x0000011fe558d000 Implicit null exception at 0x0000011ff8c464b9 to 0x0000011ff8c46f2d
Event: 21396.609 Thread 0x0000011fe558d000 Exception <a 'java/lang/NoSuchMethodError'{0x0000000709154580}: java.lang.invoke.DelegatingMethodHandle$Holder.reinvoke_L(Ljava/lang/Object;IIILjava/lang/Object;Ljava/lang/Object;I)Ljava/lang/Object;> (0x0000000709154580) thrown at [t:/workspace/hotspot/s
Event: 24366.123 Thread 0x0000011fe558d000 Implicit null exception at 0x0000011ff8faf9d6 to 0x0000011ff8fb0689
Event: 24366.871 Thread 0x0000011fe558d000 Implicit null exception at 0x0000011ff80a7163 to 0x0000011ff80a7b09
Event: 24369.711 Thread 0x0000011fe558d000 Implicit null exception at 0x0000011ff943bb01 to 0x0000011ff943c60d
Event: 24369.712 Thread 0x0000011fe558d000 Implicit null exception at 0x0000011ff8da6c5b to 0x0000011ff8da7cb5
Event: 24369.712 Thread 0x0000011fe558d000 Implicit null exception at 0x0000011ff834358d to 0x0000011ff83438b1

Events (10 events):
Event: 24371.711 Thread 0x0000011f8b152800 Thread added: 0x0000011f8b152800
Event: 24371.715 Thread 0x0000011f8b152800 Thread exited: 0x0000011f8b152800
Event: 24372.712 Thread 0x0000011f8b14e800 Thread added: 0x0000011f8b14e800
Event: 24372.724 Thread 0x0000011f8b14e800 Thread exited: 0x0000011f8b14e800
Event: 24373.712 Thread 0x0000011f8b14e800 Thread added: 0x0000011f8b14e800
Event: 24373.725 Thread 0x0000011f8b14e800 Thread exited: 0x0000011f8b14e800
Event: 24374.713 Thread 0x0000011f8b14e800 Thread added: 0x0000011f8b14e800
Event: 24374.722 Thread 0x0000011f8b14e800 Thread exited: 0x0000011f8b14e800
Event: 24375.715 Thread 0x0000011f8b14f800 Thread added: 0x0000011f8b14f800
Event: 24375.732 Thread 0x0000011f8b14f800 Thread exited: 0x0000011f8b14f800


Dynamic libraries:
0x00007ff72fbe0000 - 0x00007ff72fc10000 	F:\Xilinx\Vivado\2019.1\bin\unwrapped\win64.o\vivado.exe
0x00007ffd98410000 - 0x00007ffd98608000 	C:\Windows\SYSTEM32\ntdll.dll
0x00007ffd96fa0000 - 0x00007ffd97062000 	C:\Windows\System32\KERNEL32.DLL
0x00007ffd96100000 - 0x00007ffd963fe000 	C:\Windows\System32\KERNELBASE.dll
0x00007ffd95f30000 - 0x00007ffd96030000 	C:\Windows\System32\ucrtbase.dll
0x00007ffd71fa0000 - 0x00007ffd7202d000 	C:\Windows\SYSTEM32\MSVCP140.dll
0x00007ffd7bf60000 - 0x00007ffd7bf7d000 	C:\Windows\SYSTEM32\VCRUNTIME140.dll
0x00007ffd72030000 - 0x00007ffd7203c000 	C:\Windows\SYSTEM32\VCRUNTIME140_1.dll
0x00007ffd8a3f0000 - 0x00007ffd8a404000 	F:\Xilinx\Vivado\2019.1\lib\win64.o\librdi_commonmain.dll
0x00007ffd82040000 - 0x00007ffd82054000 	F:\Xilinx\Vivado\2019.1\lib\win64.o\libboost_signals.dll
0x00007ffd8a3e0000 - 0x00007ffd8a3ea000 	F:\Xilinx\Vivado\2019.1\lib\win64.o\librdi_commonversion.dll
0x00007ffd82010000 - 0x00007ffd82036000 	F:\Xilinx\Vivado\2019.1\lib\win64.o\libboost_filesystem.dll
0x00007ffd980d0000 - 0x00007ffd98181000 	C:\Windows\System32\ADVAPI32.dll
0x00007ffd96430000 - 0x00007ffd964ce000 	C:\Windows\System32\msvcrt.dll
0x00007ffd97fb0000 - 0x00007ffd9804f000 	C:\Windows\System32\sechost.dll
0x00007ffd96aa0000 - 0x00007ffd96bc3000 	C:\Windows\System32\RPCRT4.dll
0x00007ffd960d0000 - 0x00007ffd960f7000 	C:\Windows\System32\bcrypt.dll
0x00007ffd5b670000 - 0x00007ffd5b791000 	F:\Xilinx\Vivado\2019.1\lib\win64.o\librdi_commonxillic.dll
0x00007ffd98210000 - 0x00007ffd983ad000 	C:\Windows\System32\USER32.dll
0x00007ffd96400000 - 0x00007ffd96422000 	C:\Windows\System32\win32u.dll
0x00007ffd975b0000 - 0x00007ffd975db000 	C:\Windows\System32\GDI32.dll
0x00007ffd95e10000 - 0x00007ffd95f27000 	C:\Windows\System32\gdi32full.dll
0x00007ffd96030000 - 0x00007ffd960cd000 	C:\Windows\System32\msvcp_win.dll
0x0000000060140000 - 0x000000006026b000 	F:\Xilinx\Vivado\2019.1\lib\win64.o\tcl85t.dll
0x00007ffd98190000 - 0x00007ffd981fb000 	C:\Windows\System32\WS2_32.dll
0x00007ffd82000000 - 0x00007ffd8200b000 	F:\Xilinx\Vivado\2019.1\lib\win64.o\libboost_system.dll
0x00007ffd07070000 - 0x00007ffd07348000 	F:\Xilinx\Vivado\2019.1\lib\win64.o\libXil_lmgr11.dll
0x00007ffd972d0000 - 0x00007ffd973aa000 	C:\Windows\System32\COMDLG32.dll
0x00007ffd96be0000 - 0x00007ffd96f33000 	C:\Windows\System32\combase.dll
0x00007ffd97d50000 - 0x00007ffd97dfd000 	C:\Windows\System32\shcore.dll
0x00007ffd97440000 - 0x00007ffd97495000 	C:\Windows\System32\SHLWAPI.dll
0x00007ffd975e0000 - 0x00007ffd97d4d000 	C:\Windows\System32\SHELL32.dll
0x00007ffd970d0000 - 0x00007ffd9719d000 	C:\Windows\System32\OLEAUT32.dll
0x00007ffd96970000 - 0x00007ffd96a9b000 	C:\Windows\System32\ole32.dll
0x00007ffd95d50000 - 0x00007ffd95db9000 	C:\Windows\System32\WINTRUST.dll
0x00007ffd95bf0000 - 0x00007ffd95d4c000 	C:\Windows\System32\CRYPT32.dll
0x00007ffd08640000 - 0x00007ffd08754000 	F:\Xilinx\Vivado\2019.1\lib\win64.o\libboost_regex.dll
0x00007ffd8d1b0000 - 0x00007ffd8d1c9000 	C:\Windows\SYSTEM32\NETAPI32.dll
0x00007ffd733b0000 - 0x00007ffd73460000 	C:\Windows\WinSxS\amd64_microsoft.windows.common-controls_6595b64144ccf1df_5.82.19041.4355_none_792ecafd2442822f\COMCTL32.dll
0x00007ffd7ef80000 - 0x00007ffd7ef89000 	C:\Windows\SYSTEM32\WSOCK32.dll
0x00007ffd8e280000 - 0x00007ffd8e29d000 	C:\Windows\SYSTEM32\dhcpcsvc.DLL
0x00007ffd00f80000 - 0x00007ffd01e62000 	F:\Xilinx\Vivado\2019.1\lib\win64.o\librdi_common.dll
0x00007ffd81fe0000 - 0x00007ffd81ff4000 	F:\Xilinx\Vivado\2019.1\lib\win64.o\libboost_date_time.dll
0x00007ffd81f60000 - 0x00007ffd81fdf000 	F:\Xilinx\Vivado\2019.1\lib\win64.o\libboost_program_options.dll
0x00007ffd69730000 - 0x00007ffd69751000 	F:\Xilinx\Vivado\2019.1\lib\win64.o\libboost_thread.dll
0x00007ffd81f50000 - 0x00007ffd81f5f000 	F:\Xilinx\Vivado\2019.1\lib\win64.o\libboost_xilinx.dll
0x00007ffd00c10000 - 0x00007ffd00f7e000 	F:\Xilinx\Vivado\2019.1\lib\win64.o\libCOIN-all.dll
0x00007ffd68bc0000 - 0x00007ffd68c65000 	F:\Xilinx\Vivado\2019.1\lib\win64.o\libhdxml.dll
0x00007ffd690b0000 - 0x00007ffd690de000 	F:\Xilinx\Vivado\2019.1\lib\win64.o\libisl_sysinfo.dll
0x00007ffd68ad0000 - 0x00007ffd68b52000 	F:\Xilinx\Vivado\2019.1\lib\win64.o\libhdlpsolve.dll
0x00007ffd5bb90000 - 0x00007ffd5bbf5000 	F:\Xilinx\Vivado\2019.1\lib\win64.o\liblmx6.0.dll
0x00007ffd69710000 - 0x00007ffd6972a000 	F:\Xilinx\Vivado\2019.1\lib\win64.o\pthreadVC2.dll
0x00007ffd691d0000 - 0x00007ffd691ec000 	F:\Xilinx\Vivado\2019.1\lib\win64.o\librdiconfig.dll
0x00007ffd68b90000 - 0x00007ffd68bb1000 	F:\Xilinx\Vivado\2019.1\lib\win64.o\librdizlib.dll
0x00007ffd7de40000 - 0x00007ffd7e318000 	C:\Windows\SYSTEM32\WININET.dll
0x00007ffd8c2f0000 - 0x00007ffd8c3fd000 	C:\Windows\SYSTEM32\WINHTTP.dll
0x00007ffd83b30000 - 0x00007ffd83d1c000 	C:\Windows\SYSTEM32\urlmon.dll
0x0000000012000000 - 0x0000000012270000 	F:\Xilinx\Vivado\2019.1\lib\win64.o\xerces-c_3_1.dll
0x00007ffd64400000 - 0x00007ffd64432000 	C:\Windows\SYSTEM32\VCOMP140.DLL
0x00007ffd6da00000 - 0x00007ffd6da0d000 	F:\Xilinx\Vivado\2019.1\lib\win64.o\libboost_chrono.dll
0x00007ffd84020000 - 0x00007ffd842de000 	C:\Windows\SYSTEM32\iertutil.dll
0x00007ffd83ff0000 - 0x00007ffd84018000 	C:\Windows\SYSTEM32\srvcli.dll
0x00007ffd94f10000 - 0x00007ffd94f1c000 	C:\Windows\SYSTEM32\netutils.dll
0x00007ffd00060000 - 0x00007ffd00c0f400 	F:\Xilinx\Vivado\2019.1\lib\win64.o\libisl_iostreams.dll
0x00007ffcff1c0000 - 0x00007ffd00051000 	F:\Xilinx\Vivado\2019.1\lib\win64.o\gurobi65.dll
0x00007ffd69090000 - 0x00007ffd690ab000 	F:\Xilinx\Vivado\2019.1\lib\win64.o\libboost_iostreams.dll
0x00007ffd68aa0000 - 0x00007ffd68ac5000 	F:\Xilinx\Vivado\2019.1\lib\win64.o\libisl_iosutils.dll
0x00007ffd964d0000 - 0x00007ffd964ff000 	C:\Windows\System32\IMM32.DLL
0x00007ffd95670000 - 0x00007ffd95682000 	C:\Windows\SYSTEM32\MSASN1.dll
0x00007ffd942d0000 - 0x00007ffd942e2000 	C:\Windows\SYSTEM32\kernel.appcore.dll
0x00007ffcfeca0000 - 0x00007ffcff1b7000 	F:\Xilinx\Vivado\2019.1\lib\win64.o\librdi_commontasks.dll
0x00007ffd8e4c0000 - 0x00007ffd8e4ca000 	C:\Windows\SYSTEM32\VERSION.dll
0x00007ffcfea10000 - 0x00007ffcfec96000 	F:\Xilinx\Vivado\2019.1\lib\win64.o\librdi_sio.dll
0x00007ffd94ed0000 - 0x00007ffd94f0b000 	C:\Windows\SYSTEM32\IPHLPAPI.DLL
0x0000000058bc0000 - 0x00000000595e5000 	F:\Xilinx\Vivado\2019.1\tps\win64\jre9.0.4\bin\server\jvm.dll
0x00007ffd96bd0000 - 0x00007ffd96bd8000 	C:\Windows\System32\PSAPI.DLL
0x00007ffd7f560000 - 0x00007ffd7f587000 	C:\Windows\SYSTEM32\WINMM.dll
0x00007ffd08ee0000 - 0x00007ffd08fcf000 	C:\Windows\SYSTEM32\MSVCR120.dll
0x00007ffd95240000 - 0x00007ffd952aa000 	C:\Windows\SYSTEM32\MSWSOCK.DLL
0x00007ffd93840000 - 0x00007ffd93fe4000 	C:\Windows\SYSTEM32\windows.storage.dll
0x00007ffd954e0000 - 0x00007ffd9550e000 	C:\Windows\SYSTEM32\Wldp.dll
0x00007ffcfc550000 - 0x00007ffcfea0c000 	F:\Xilinx\Vivado\2019.1\lib\win64.o\librdi_tcltasks.dll
0x00007ffd5b5f0000 - 0x00007ffd5b668000 	F:\Xilinx\Vivado\2019.1\lib\win64.o\librdi_boarddep.dll
0x00007ffd075d0000 - 0x00007ffd076bb000 	F:\Xilinx\Vivado\2019.1\lib\win64.o\librdi_chipscope.dll
0x00007ffcfc3b0000 - 0x00007ffcfc541000 	F:\Xilinx\Vivado\2019.1\lib\win64.o\librdi_board.dll
0x00007ffcfbfa0000 - 0x00007ffcfc3a8000 	F:\Xilinx\Vivado\2019.1\lib\win64.o\librdi_bitstream.dll
0x00007ffd04f90000 - 0x00007ffd050e6000 	F:\Xilinx\Vivado\2019.1\lib\win64.o\librdi_containers.dll
0x00007ffcfbde0000 - 0x00007ffcfbf9d000 	F:\Xilinx\Vivado\2019.1\lib\win64.o\librdi_chipscopeimpl.dll
0x00007ffcfa3f0000 - 0x00007ffcfbdda000 	F:\Xilinx\Vivado\2019.1\lib\win64.o\librdi_constraints.dll
0x00007ffceb8c0000 - 0x00007ffced771000 	F:\Xilinx\Vivado\2019.1\lib\win64.o\librdi_coregen.dll
0x00007ffcfa0d0000 - 0x00007ffcfa3ee000 	F:\Xilinx\Vivado\2019.1\lib\win64.o\librdi_dlyest.dll
0x00007ffcf99f0000 - 0x00007ffcfa0ca000 	F:\Xilinx\Vivado\2019.1\lib\win64.o\librdi_coregenipxact.dll
0x00007ffce7870000 - 0x00007ffceb8b3000 	F:\Xilinx\Vivado\2019.1\lib\win64.o\librdi_designutils.dll
0x00007ffcf9920000 - 0x00007ffcf99e4000 	F:\Xilinx\Vivado\2019.1\lib\win64.o\librdi_dsp.dll
0x00007ffcf9380000 - 0x00007ffcf991a000 	F:\Xilinx\Vivado\2019.1\lib\win64.o\librdi_drc.dll
0x00007ffd0a580000 - 0x00007ffd0a5e5000 	F:\Xilinx\Vivado\2019.1\lib\win64.o\librdi_hdf.dll
0x00007ffcd5440000 - 0x00007ffce786c000 	F:\Xilinx\Vivado\2019.1\lib\win64.o\librdi_device.dll
0x00007ffcf9090000 - 0x00007ffcf9373000 	F:\Xilinx\Vivado\2019.1\lib\win64.o\librdi_guitools.dll
0x00007ffcd4df0000 - 0x00007ffcd543d000 	F:\Xilinx\Vivado\2019.1\lib\win64.o\librdi_filemgmt.dll
0x00007ffcd47d0000 - 0x00007ffcd4de5000 	F:\Xilinx\Vivado\2019.1\lib\win64.o\librdi_memdata.dll
0x00007ffd0a3c0000 - 0x00007ffd0a433000 	F:\Xilinx\Vivado\2019.1\lib\win64.o\librdi_memoryarray.dll
0x00007ffcd3210000 - 0x00007ffcd47d0000 	F:\Xilinx\Vivado\2019.1\lib\win64.o\librdi_implflow.dll
0x00007ffd68a00000 - 0x00007ffd68a4b000 	F:\Xilinx\Vivado\2019.1\lib\win64.o\librdi_pfi.dll
0x00007ffcd0520000 - 0x00007ffcd3206000 	F:\Xilinx\Vivado\2019.1\lib\win64.o\librdi_mig.dll
0x00007ffcf8d80000 - 0x00007ffcf908f000 	F:\Xilinx\Vivado\2019.1\lib\win64.o\librdi_platform.dll
0x00007ffccfe70000 - 0x00007ffcd0512000 	F:\Xilinx\Vivado\2019.1\lib\win64.o\librdi_netlist.dll
0x00007ffccf720000 - 0x00007ffccfe6a000 	F:\Xilinx\Vivado\2019.1\lib\win64.o\librdi_power.dll
0x00007ffccd0a0000 - 0x00007ffccf716000 	F:\Xilinx\Vivado\2019.1\lib\win64.o\librdi_place.dll
0x00007ffcccb20000 - 0x00007ffccd09f000 	F:\Xilinx\Vivado\2019.1\lib\win64.o\librdi_project.dll
0x00007ffccc410000 - 0x00007ffcccb19000 	F:\Xilinx\Vivado\2019.1\lib\win64.o\librdi_psta.dll
0x00007ffccc010000 - 0x00007ffccc401000 	F:\Xilinx\Vivado\2019.1\lib\win64.o\librdi_runs.dll
0x00007ffccbdb0000 - 0x00007ffccc006000 	F:\Xilinx\Vivado\2019.1\lib\win64.o\librdi_simdata.dll
0x00007ffccb6a0000 - 0x00007ffccbda6000 	F:\Xilinx\Vivado\2019.1\lib\win64.o\librdi_rsb.dll
0x00007ffccb5a0000 - 0x00007ffccb69a000 	F:\Xilinx\Vivado\2019.1\lib\win64.o\librdi_runsbase.dll
0x00007ffccb420000 - 0x00007ffccb592000 	F:\Xilinx\Vivado\2019.1\lib\win64.o\librdi_advchipscopeimpl.dll
0x00007ffd64540000 - 0x00007ffd6458c000 	F:\Xilinx\Vivado\2019.1\lib\win64.o\libboost_serialization.dll
0x00007ffccb280000 - 0x00007ffccb41f000 	F:\Xilinx\Vivado\2019.1\lib\win64.o\librdi_hip_devdesign.dll
0x00007ffcca460000 - 0x00007ffccb271000 	F:\Xilinx\Vivado\2019.1\lib\win64.o\librdi_timing.dll
0x00007ffcca390000 - 0x00007ffcca452000 	F:\Xilinx\Vivado\2019.1\lib\win64.o\librdi_ipconfig_readwrite.dll
0x00007ffd67750000 - 0x00007ffd67793000 	F:\Xilinx\Vivado\2019.1\lib\win64.o\librdi_noc_frameworks.dll
0x00007ffcca2f0000 - 0x00007ffcca38e000 	F:\Xilinx\Vivado\2019.1\lib\win64.o\libise.dll
0x00007ffcc9da0000 - 0x00007ffcca2ee000 	F:\Xilinx\Vivado\2019.1\lib\win64.o\librdi_xdm.dll
0x00007ffcc99b0000 - 0x00007ffcc9d95000 	F:\Xilinx\Vivado\2019.1\lib\win64.o\librdi_hip_config.dll
0x00007ffd64700000 - 0x00007ffd64740000 	F:\Xilinx\Vivado\2019.1\lib\win64.o\librdi_wavedata_SimpleApi.dll
0x00007ffcc8e60000 - 0x00007ffcc99a7000 	F:\Xilinx\Vivado\2019.1\lib\win64.o\libverific.dll
0x00007ffcc8860000 - 0x00007ffcc8e5c000 	F:\Xilinx\Vivado\2019.1\lib\win64.o\librdi_wavedata.dll
0x00007ffd5b500000 - 0x00007ffd5b53f000 	F:\Xilinx\Vivado\2019.1\lib\win64.o\librdi_schedmon.dll
0x00007ffcc76d0000 - 0x00007ffcc885d000 	F:\Xilinx\Vivado\2019.1\lib\win64.o\librdi_route.dll

VM Arguments:
jvm_args: -Dsun.java2d.pmoffscreen=false -Dsun.java2d.xrender=false -Dsun.java2d.d3d=false -Dsun.awt.nopixfmt=true -Dsun.java2d.dpiaware=true -Dsun.java2d.uiScale.enabled=false -Xverify:none -Dswing.aatext=true -XX:-UsePerfData -Djdk.map.althashing.threshold=512 -XX:StringTableSize=4072 --add-opens=java.base/java.nio=ALL-UNNAMED --add-opens=java.desktop/sun.swing=ALL-UNNAMED --add-opens=java.desktop/javax.swing=ALL-UNNAMED --add-opens=java.desktop/javax.swing.tree=ALL-UNNAMED --add-opens=java.desktop/javax.swing.plaf.basic=ALL-UNNAMED --add-opens=java.desktop/javax.swing.plaf.synth=ALL-UNNAMED --add-opens=java.desktop/com.sun.awt=ALL-UNNAMED -XX:NewSize=60m -XX:MaxNewSize=60m -Xms128m -Xmx3072m -Xss5m 
java_command: <unknown>
java_class_path (initial): F:/Xilinx/Vivado/2019.1\lib\classes\alloy.jar;F:/Xilinx/Vivado/2019.1\lib\classes\autopilot.scelaborator.jar;F:/Xilinx/Vivado/2019.1\lib\classes\autopilot.sourceprocessor.jar;F:/Xilinx/Vivado/2019.1\lib\classes\autopilot.tbprocessor.jar;F:/Xilinx/Vivado/2019.1\lib\classes\batik-anim.jar;F:/Xilinx/Vivado/2019.1\lib\classes\batik-awt-util.jar;F:/Xilinx/Vivado/2019.1\lib\classes\batik-bridge.jar;F:/Xilinx/Vivado/2019.1\lib\classes\batik-codec.jar;F:/Xilinx/Vivado/2019.1\lib\classes\batik-css.jar;F:/Xilinx/Vivado/2019.1\lib\classes\batik-dom.jar;F:/Xilinx/Vivado/2019.1\lib\classes\batik-ext.jar;F:/Xilinx/Vivado/2019.1\lib\classes\batik-gui-util.jar;F:/Xilinx/Vivado/2019.1\lib\classes\batik-gvt.jar;F:/Xilinx/Vivado/2019.1\lib\classes\batik-parser.jar;F:/Xilinx/Vivado/2019.1\lib\classes\batik-script.jar;F:/Xilinx/Vivado/2019.1\lib\classes\batik-svg-dom.jar;F:/Xilinx/Vivado/2019.1\lib\classes\batik-swing.jar;F:/Xilinx/Vivado/2019.1\lib\classes\batik-transcoder.jar;F:/Xilinx/Vivado/2019.1\lib\classes\batik-util.jar;F:/Xilinx/Vivado/2019.1\lib\classes\batik-xml.jar;F:/Xilinx/Vivado/2019.1\lib\classes\com.google.gson_2.7.0.v20170129-0911.jar;F:/Xilinx/Vivado/2019.1\lib\classes\com.google.guava_21.0.0.v20170206-1425.jar;F:/Xilinx/Vivado/2019.1\lib\classes\com.google.inject_3.0.0.v201605172100.jar;F:/Xilinx/Vivado/2019.1\lib\classes\com.ibm.icu_4.4.2.v20110208.jar;F:/Xilinx/Vivado/2019.1\lib\classes\com.sigasi.hdt.annotations.runtime_4.3.0.201903071210.jar;F:/Xilinx/Vivado/2019.1\lib\classes\com.sigasi.hdt.blockdiagram.model_4.3.0.201903071210.jar;F:/Xilinx/Vivado/2019.1\lib\classes\com.sigasi.hdt.connection_4.3.0.201903071210.jar;F:/Xilinx/Vivado/2019.1\lib\classes\com.sigasi.hdt.dependencies.model_4.3.0.201903071210.jar;F:/Xilinx/Vivado/2019.1\lib\classes\com.sigasi.hdt.epl_4.3.0.201903071210.jar;F:/Xilinx/Vivado/2019.1\lib\classes\com.sigasi.hdt.graphics.model_4.3.0.201903071210.jar;F:/Xilinx/Vivado/2019.1\lib\classes\com.sigasi.hdt.project_4.3.0
Launcher Type: generic

Logging:
Log output configuration:
#0: stdout all=warning uptime,level,tags
#1: stderr all=off uptime,level,tags

Environment Variables:
PATH=F:/Xilinx/Vivado/2019.1/bin;F:/Xilinx/Vivado/2019.1/lib/win64.o;F:/Xilinx/Vivado/2019.1/tps/win64/jre9.0.4/bin/server;F:/Xilinx/Vivado/2019.1/tps/win64/jre9.0.4/bin;F:/Xilinx/SDK/2019.1/bin;F:/Xilinx/Vivado/2019.1/ids_lite/ISE/bin/nt64;F:/Xilinx/Vivado/2019.1/ids_lite/ISE/lib/nt64;C:\Program Files (x86)\VMware\VMware Workstation\bin\;C:\Windows\system32;C:\Windows;C:\Windows\System32\Wbem;C:\Windows\System32\WindowsPowerShell\v1.0\;C:\Windows\System32\OpenSSH\;C:\Program Files (x86)\CodeBlocks\MinGW\bin;C:\Program Files (x86)\Matlab 23\runtime\win64;C:\Program Files (x86)\Matlab 23\bin;C:\Program Files\Git\cmd;C:\Users\hp\AppData\Local\Programs\Python\Python313\Scripts\;C:\Users\hp\AppData\Local\Programs\Python\Python313\;C:\Users\hp\AppData\Local\Programs\Python\Launcher\;C:\Tcl\bin;C:\Users\hp\AppData\Local\Microsoft\WindowsApps;;C:\Program Files\JetBrains\PyCharm Community Edition 2021.1.1\bin;C:\Users\hp\AppData\Local\Programs\Microsoft VS Code\bin;F:/Xilinx/Vivado/2019.1\tps\mingw\6.2.0\win64.o\nt\bin;F:/Xilinx/Vivado/2019.1\tps\mingw\6.2.0\win64.o\nt\libexec\gcc\x86_64-w64-mingw32\6.2.0;F:/Xilinx/Vivado/2019.1\tps\win64\python-2.7.5;F:/Xilinx/Vivado/2019.1\tps\win64\python-2.7.5\lib;F:/Xilinx/Vivado/2019.1\tps\win64\python-2.7.5\Lib\lib-tk;F:/Xilinx/Vivado/2019.1\tps\win64\python-2.7.5\lib\site-packages
USERNAME=hp
OS=Windows_NT
PROCESSOR_IDENTIFIER=Intel64 Family 6 Model 142 Stepping 9, GenuineIntel



---------------  S Y S T E M  ---------------

OS: Windows 10 , 64 bit Build 19041 (10.0.19041.5072)

CPU:total 4 (initial active 4) (2 cores per cpu, 2 threads per core) family 6 model 142 stepping 9, cmov, cx8, fxsr, mmx, sse, sse2, sse3, ssse3, sse4.1, sse4.2, popcnt, avx, avx2, aes, clmul, erms, 3dnowpref, lzcnt, ht, tsc, tscinvbit, bmi1, bmi2, adx, fma

Memory: 4k page, physical 16692048k(8729964k free), swap 17740624k(6322836k free)

vm_info: Java HotSpot(TM) 64-Bit Server VM (9.0.4+11) for windows-amd64 JRE (9.0.4+11), built on Dec 20 2017 02:18:54 by "mach5one" with MS VC++ 12.0 (VS2013)

END.
