INFO: [VRFC 10-2263] Analyzing Verilog file "G:/Faculty/Third year/Micro/Pipelined_Processor.srcs/sources_1/new/ALU.v" into library xil_defaultlib
INFO: [VRFC 10-311] analyzing module ALU
INFO: [VRFC 10-2263] Analyzing Verilog file "G:/Faculty/Third year/Micro/Pipelined_Processor.srcs/sources_1/new/CCR.v" into library xil_defaultlib
INFO: [VRFC 10-311] analyzing module CCR
INFO: [VRFC 10-2263] Analyzing Verilog file "G:/Faculty/Third year/Micro/Pipelined_Processor.srcs/sources_1/new/Control_Unit.v" into library xil_defaultlib
INFO: [VRFC 10-311] analyzing module Control_Unit
INFO: [VRFC 10-2263] Analyzing Verilog file "G:/Faculty/Third year/Micro/Pipelined_Processor.srcs/sources_1/new/D_EX.v" into library xil_defaultlib
INFO: [VRFC 10-311] analyzing module D_EX
INFO: [VRFC 10-2263] Analyzing Verilog file "G:/Faculty/Third year/Micro/Pipelined_Processor.srcs/sources_1/new/EX_M.v" into library xil_defaultlib
INFO: [VRFC 10-311] analyzing module EX_MEM
INFO: [VRFC 10-2263] Analyzing Verilog file "G:/Faculty/Third year/Micro/Pipelined_Processor.srcs/sources_1/new/Forward_Unit.v" into library xil_defaultlib
INFO: [VRFC 10-311] analyzing module Forward_Unit
INFO: [VRFC 10-2263] Analyzing Verilog file "G:/Faculty/Third year/Micro/Pipelined_Processor.srcs/sources_1/new/Hazard_Unit.v" into library xil_defaultlib
INFO: [VRFC 10-311] analyzing module Hazard_Unit
INFO: [VRFC 10-2263] Analyzing Verilog file "G:/Faculty/Third year/Micro/Pipelined_Processor.srcs/sources_1/new/IF_ID.v" into library xil_defaultlib
INFO: [VRFC 10-311] analyzing module IF_ID
INFO: [VRFC 10-2263] Analyzing Verilog file "G:/Faculty/Third year/Micro/Pipelined_Processor.srcs/sources_1/new/Jump_Unit.v" into library xil_defaultlib
INFO: [VRFC 10-311] analyzing module Jump_Unit
INFO: [VRFC 10-2263] Analyzing Verilog file "G:/Faculty/Third year/Micro/Pipelined_Processor.srcs/sources_1/new/M_WB.v" into library xil_defaultlib
INFO: [VRFC 10-311] analyzing module MEM_WB
INFO: [VRFC 10-2263] Analyzing Verilog file "G:/Faculty/Third year/Micro/Pipelined_Processor.srcs/sources_1/new/Memory.v" into library xil_defaultlib
INFO: [VRFC 10-311] analyzing module Von_Neumann_Mem
INFO: [VRFC 10-2263] Analyzing Verilog file "G:/Faculty/Third year/Micro/Pipelined_Processor.srcs/sources_1/new/PC.v" into library xil_defaultlib
INFO: [VRFC 10-311] analyzing module PC
INFO: [VRFC 10-2263] Analyzing Verilog file "G:/Faculty/Third year/Micro/Pipelined_Processor.srcs/sources_1/new/RF.v" into library xil_defaultlib
INFO: [VRFC 10-311] analyzing module RegisterFile
INFO: [VRFC 10-2263] Analyzing Verilog file "G:/Faculty/Third year/Micro/Pipelined_Processor.srcs/sources_1/new/Top_Module.v" into library xil_defaultlib
INFO: [VRFC 10-311] analyzing module Top_Module
INFO: [VRFC 10-2263] Analyzing Verilog file "G:/Faculty/Third year/Micro/Pipelined_Processor.srcs/sim_1/new/Test_1.v" into library xil_defaultlib
INFO: [VRFC 10-311] analyzing module tb_Top_Module
