#-----------------------------------------------------------
# Vivado v2019.1 (64-bit)
# SW Build 2552052 on Fri May 24 14:49:42 MDT 2019
# IP Build 2548770 on Fri May 24 18:01:18 MDT 2019
# Start of session at: Thu Dec 25 22:30:07 2025
# Process ID: 18924
# Current directory: G:/Faculty/Third year/Micro
# Command line: vivado.exe -gui_launcher_event rodinguilauncherevent1728 G:\Faculty\Third year\Micro\Pipelined_Processor.xpr
# Log file: G:/Faculty/Third year/Micro/vivado.log
# Journal file: G:/Faculty/Third year/Micro\vivado.jou
#-----------------------------------------------------------
start_gui
open_project {G:/Faculty/Third year/Micro/Pipelined_Processor.xpr}
Scanning sources...
Finished scanning sources
INFO: [IP_Flow 19-234] Refreshing IP repositories
INFO: [IP_Flow 19-1704] No user IP repositories specified
INFO: [IP_Flow 19-2313] Loaded Vivado IP repository 'F:/Xilinx/Vivado/2019.1/data/ip'.
open_project: Time (s): cpu = 00:00:15 ; elapsed = 00:00:06 . Memory (MB): peak = 754.258 ; gain = 104.578
update_compile_order -fileset sources_1
launch_simulation
INFO: [Vivado 12-5682] Launching behavioral simulation in 'G:/Faculty/Third year/Micro/Pipelined_Processor.sim/sim_1/behav/xsim'
INFO: [SIM-utils-51] Simulation object is 'sim_1'
INFO: [SIM-utils-54] Inspecting design source files for 'tb_Top_Module' in fileset 'sim_1'...
INFO: [USF-XSim-97] Finding global include files...
INFO: [USF-XSim-98] Fetching design files from 'sim_1'...
INFO: [USF-XSim-2] XSim::Compile design
INFO: [USF-XSim-61] Executing 'COMPILE and ANALYZE' step in 'G:/Faculty/Third year/Micro/Pipelined_Processor.sim/sim_1/behav/xsim'
"xvlog --incr --relax -prj tb_Top_Module_vlog.prj"
INFO: [VRFC 10-2263] Analyzing Verilog file "G:/Faculty/Third year/Micro/Pipelined_Processor.srcs/sources_1/new/ALU.v" into library xil_defaultlib
INFO: [VRFC 10-311] analyzing module ALU
INFO: [VRFC 10-2263] Analyzing Verilog file "G:/Faculty/Third year/Micro/Pipelined_Processor.srcs/sources_1/new/CCR.v" into library xil_defaultlib
INFO: [VRFC 10-311] analyzing module CCR
INFO: [VRFC 10-2263] Analyzing Verilog file "G:/Faculty/Third year/Micro/Pipelined_Processor.srcs/sources_1/new/Control_Unit.v" into library xil_defaultlib
INFO: [VRFC 10-311] analyzing module Control_Unit
INFO: [VRFC 10-2263] Analyzing Verilog file "G:/Faculty/Third year/Micro/Pipelined_Processor.srcs/sources_1/new/D_EX.v" into library xil_defaultlib
INFO: [VRFC 10-311] analyzing module D_EX
INFO: [VRFC 10-2263] Analyzing Verilog file "G:/Faculty/Third year/Micro/Pipelined_Processor.srcs/sources_1/new/EX_M.v" into library xil_defaultlib
INFO: [VRFC 10-311] analyzing module EX_MEM
INFO: [VRFC 10-2263] Analyzing Verilog file "G:/Faculty/Third year/Micro/Pipelined_Processor.srcs/sources_1/new/Forward_Unit.v" into library xil_defaultlib
INFO: [VRFC 10-311] analyzing module Forward_Unit
INFO: [VRFC 10-2263] Analyzing Verilog file "G:/Faculty/Third year/Micro/Pipelined_Processor.srcs/sources_1/new/Hazard_Unit.v" into library xil_defaultlib
INFO: [VRFC 10-311] analyzing module Hazard_Unit
INFO: [VRFC 10-2263] Analyzing Verilog file "G:/Faculty/Third year/Micro/Pipelined_Processor.srcs/sources_1/new/IF_ID.v" into library xil_defaultlib
INFO: [VRFC 10-311] analyzing module IF_ID
INFO: [VRFC 10-2263] Analyzing Verilog file "G:/Faculty/Third year/Micro/Pipelined_Processor.srcs/sources_1/new/Jump_Unit.v" into library xil_defaultlib
INFO: [VRFC 10-311] analyzing module Jump_Unit
INFO: [VRFC 10-2263] Analyzing Verilog file "G:/Faculty/Third year/Micro/Pipelined_Processor.srcs/sources_1/new/M_WB.v" into library xil_defaultlib
INFO: [VRFC 10-311] analyzing module MEM_WB
INFO: [VRFC 10-2263] Analyzing Verilog file "G:/Faculty/Third year/Micro/Pipelined_Processor.srcs/sources_1/new/Memory.v" into library xil_defaultlib
INFO: [VRFC 10-311] analyzing module Von_Neumann_Mem
INFO: [VRFC 10-2263] Analyzing Verilog file "G:/Faculty/Third year/Micro/Pipelined_Processor.srcs/sources_1/new/PC.v" into library xil_defaultlib
INFO: [VRFC 10-311] analyzing module PC
INFO: [VRFC 10-2263] Analyzing Verilog file "G:/Faculty/Third year/Micro/Pipelined_Processor.srcs/sources_1/new/RF.v" into library xil_defaultlib
INFO: [VRFC 10-311] analyzing module RegisterFile
INFO: [VRFC 10-2263] Analyzing Verilog file "G:/Faculty/Third year/Micro/Pipelined_Processor.srcs/sources_1/new/Top_Module.v" into library xil_defaultlib
INFO: [VRFC 10-311] analyzing module Top_Module
INFO: [VRFC 10-2263] Analyzing Verilog file "G:/Faculty/Third year/Micro/Pipelined_Processor.srcs/sim_1/new/Test_1.v" into library xil_defaultlib
INFO: [VRFC 10-311] analyzing module tb_Top_Module
INFO: [USF-XSim-69] 'compile' step finished in '1' seconds
INFO: [USF-XSim-3] XSim::Elaborate design
INFO: [USF-XSim-61] Executing 'ELABORATE' step in 'G:/Faculty/Third year/Micro/Pipelined_Processor.sim/sim_1/behav/xsim'
"xelab -wto 0f7cb70c774d44ef92f2ca234ca9283e --incr --debug typical --relax --mt 2 -L xil_defaultlib -L unisims_ver -L unimacro_ver -L secureip --snapshot tb_Top_Module_behav xil_defaultlib.tb_Top_Module xil_defaultlib.glbl -log elaborate.log"
Vivado Simulator 2019.1
Copyright 1986-1999, 2001-2019 Xilinx, Inc. All Rights Reserved.
Running: F:/Xilinx/Vivado/2019.1/bin/unwrapped/win64.o/xelab.exe -wto 0f7cb70c774d44ef92f2ca234ca9283e --incr --debug typical --relax --mt 2 -L xil_defaultlib -L unisims_ver -L unimacro_ver -L secureip --snapshot tb_Top_Module_behav xil_defaultlib.tb_Top_Module xil_defaultlib.glbl -log elaborate.log 
Using 2 slave threads.
Starting static elaboration
WARNING: [VRFC 10-3091] actual bit length 4 differs from formal bit length 8 for port 'op_code' [G:/Faculty/Third year/Micro/Pipelined_Processor.srcs/sources_1/new/Top_Module.v:295]
WARNING: [VRFC 10-3091] actual bit length 32 differs from formal bit length 1 for port 'save_int' [G:/Faculty/Third year/Micro/Pipelined_Processor.srcs/sources_1/new/Top_Module.v:424]
WARNING: [VRFC 10-3091] actual bit length 32 differs from formal bit length 1 for port 'enable' [G:/Faculty/Third year/Micro/Pipelined_Processor.srcs/sources_1/new/Top_Module.v:451]
WARNING: [VRFC 10-3091] actual bit length 32 differs from formal bit length 1 for port 'flush' [G:/Faculty/Third year/Micro/Pipelined_Processor.srcs/sources_1/new/Top_Module.v:452]
WARNING: [VRFC 10-3091] actual bit length 32 differs from formal bit length 1 for port 'enable' [G:/Faculty/Third year/Micro/Pipelined_Processor.srcs/sources_1/new/Top_Module.v:506]
WARNING: [VRFC 10-3091] actual bit length 32 differs from formal bit length 1 for port 'flush' [G:/Faculty/Third year/Micro/Pipelined_Processor.srcs/sources_1/new/Top_Module.v:507]
Completed static elaboration
Starting simulation data flow analysis
WARNING: [XSIM 43-4099] "G:/Faculty/Third year/Micro/Pipelined_Processor.srcs/sources_1/new/Top_Module.v" Line 2. Module Top_Module doesn't have a timescale but at least one module in design has a timescale.
WARNING: [XSIM 43-4099] "G:/Faculty/Third year/Micro/Pipelined_Processor.srcs/sources_1/new/PC.v" Line 2. Module PC doesn't have a timescale but at least one module in design has a timescale.
WARNING: [XSIM 43-4099] "G:/Faculty/Third year/Micro/Pipelined_Processor.srcs/sources_1/new/Memory.v" Line 1. Module Von_Neumann_Mem doesn't have a timescale but at least one module in design has a timescale.
WARNING: [XSIM 43-4099] "G:/Faculty/Third year/Micro/Pipelined_Processor.srcs/sources_1/new/IF_ID.v" Line 1. Module IF_ID doesn't have a timescale but at least one module in design has a timescale.
WARNING: [XSIM 43-4099] "G:/Faculty/Third year/Micro/Pipelined_Processor.srcs/sources_1/new/Control_Unit.v" Line 2. Module Control_Unit doesn't have a timescale but at least one module in design has a timescale.
WARNING: [XSIM 43-4099] "G:/Faculty/Third year/Micro/Pipelined_Processor.srcs/sources_1/new/RF.v" Line 1. Module RegisterFile doesn't have a timescale but at least one module in design has a timescale.
WARNING: [XSIM 43-4099] "G:/Faculty/Third year/Micro/Pipelined_Processor.srcs/sources_1/new/D_EX.v" Line 1. Module D_EX doesn't have a timescale but at least one module in design has a timescale.
WARNING: [XSIM 43-4099] "G:/Faculty/Third year/Micro/Pipelined_Processor.srcs/sources_1/new/Jump_Unit.v" Line 2. Module Jump_Unit doesn't have a timescale but at least one module in design has a timescale.
WARNING: [XSIM 43-4099] "G:/Faculty/Third year/Micro/Pipelined_Processor.srcs/sources_1/new/Forward_Unit.v" Line 1. Module Forward_Unit doesn't have a timescale but at least one module in design has a timescale.
WARNING: [XSIM 43-4099] "G:/Faculty/Third year/Micro/Pipelined_Processor.srcs/sources_1/new/ALU.v" Line 1. Module ALU doesn't have a timescale but at least one module in design has a timescale.
WARNING: [XSIM 43-4099] "G:/Faculty/Third year/Micro/Pipelined_Processor.srcs/sources_1/new/CCR.v" Line 3. Module CCR doesn't have a timescale but at least one module in design has a timescale.
WARNING: [XSIM 43-4099] "G:/Faculty/Third year/Micro/Pipelined_Processor.srcs/sources_1/new/EX_M.v" Line 2. Module EX_MEM doesn't have a timescale but at least one module in design has a timescale.
WARNING: [XSIM 43-4099] "G:/Faculty/Third year/Micro/Pipelined_Processor.srcs/sources_1/new/M_WB.v" Line 1. Module MEM_WB doesn't have a timescale but at least one module in design has a timescale.
WARNING: [XSIM 43-4099] "G:/Faculty/Third year/Micro/Pipelined_Processor.srcs/sources_1/new/Hazard_Unit.v" Line 1. Module Hazard_Unit doesn't have a timescale but at least one module in design has a timescale.
Completed simulation data flow analysis
Time Resolution for simulation is 1ps
Compiling module xil_defaultlib.PC
Compiling module xil_defaultlib.Von_Neumann_Mem
Compiling module xil_defaultlib.IF_ID
Compiling module xil_defaultlib.Control_Unit
Compiling module xil_defaultlib.RegisterFile
Compiling module xil_defaultlib.D_EX
Compiling module xil_defaultlib.Jump_Unit
Compiling module xil_defaultlib.Forward_Unit
Compiling module xil_defaultlib.ALU
Compiling module xil_defaultlib.CCR
Compiling module xil_defaultlib.EX_MEM
Compiling module xil_defaultlib.MEM_WB
Compiling module xil_defaultlib.Hazard_Unit
Compiling module xil_defaultlib.Top_Module
Compiling module xil_defaultlib.tb_Top_Module
Compiling module xil_defaultlib.glbl
Built simulation snapshot tb_Top_Module_behav
INFO: [USF-XSim-69] 'elaborate' step finished in '4' seconds
INFO: [USF-XSim-4] XSim::Simulate design
INFO: [USF-XSim-61] Executing 'SIMULATE' step in 'G:/Faculty/Third year/Micro/Pipelined_Processor.sim/sim_1/behav/xsim'
INFO: [USF-XSim-98] *** Running xsim
   with args "tb_Top_Module_behav -key {Behavioral:sim_1:Functional:tb_Top_Module} -tclbatch {tb_Top_Module.tcl} -view {{G:/Faculty/Third year/Micro/Case1.wcfg}} -log {simulate.log}"
INFO: [USF-XSim-8] Loading simulator feature
Vivado Simulator 2019.1
Time resolution is 1 ps
open_wave_config {G:/Faculty/Third year/Micro/Case1.wcfg}
source tb_Top_Module.tcl
# set curr_wave [current_wave_config]
# if { [string length $curr_wave] == 0 } {
#   if { [llength [get_objects]] > 0} {
#     add_wave /
#     set_property needs_save false [current_wave_config]
#   } else {
#      send_msg_id Add_Wave-1 WARNING "No top level signals found. Simulator will start without a wave window. If you want to open a wave window go to 'File->New Waveform Configuration' or type 'create_wave_config' in the TCL console."
#   }
# }
# run 1000ns
$stop called at time : 107 ns : File "G:/Faculty/Third year/Micro/Pipelined_Processor.srcs/sim_1/new/Test_1.v" Line 94
xsim: Time (s): cpu = 00:00:10 ; elapsed = 00:00:05 . Memory (MB): peak = 771.191 ; gain = 14.727
INFO: [USF-XSim-96] XSim completed. Design snapshot 'tb_Top_Module_behav' loaded.
INFO: [USF-XSim-97] XSim simulation ran for 1000ns
launch_simulation: Time (s): cpu = 00:00:14 ; elapsed = 00:00:12 . Memory (MB): peak = 771.191 ; gain = 14.727
relaunch_sim
INFO: [Vivado 12-5682] Launching behavioral simulation in 'G:/Faculty/Third year/Micro/Pipelined_Processor.sim/sim_1/behav/xsim'
INFO: [SIM-utils-51] Simulation object is 'sim_1'
INFO: [SIM-utils-54] Inspecting design source files for 'tb_Top_Module' in fileset 'sim_1'...
INFO: [USF-XSim-97] Finding global include files...
INFO: [USF-XSim-98] Fetching design files from 'sim_1'...
INFO: [USF-XSim-2] XSim::Compile design
INFO: [USF-XSim-61] Executing 'COMPILE and ANALYZE' step in 'G:/Faculty/Third year/Micro/Pipelined_Processor.sim/sim_1/behav/xsim'
"xvlog --incr --relax -prj tb_Top_Module_vlog.prj"
INFO: [VRFC 10-2263] Analyzing Verilog file "G:/Faculty/Third year/Micro/Pipelined_Processor.srcs/sources_1/new/ALU.v" into library xil_defaultlib
INFO: [VRFC 10-311] analyzing module ALU
INFO: [VRFC 10-2263] Analyzing Verilog file "G:/Faculty/Third year/Micro/Pipelined_Processor.srcs/sources_1/new/CCR.v" into library xil_defaultlib
INFO: [VRFC 10-311] analyzing module CCR
INFO: [VRFC 10-2263] Analyzing Verilog file "G:/Faculty/Third year/Micro/Pipelined_Processor.srcs/sources_1/new/Control_Unit.v" into library xil_defaultlib
INFO: [VRFC 10-311] analyzing module Control_Unit
INFO: [VRFC 10-2263] Analyzing Verilog file "G:/Faculty/Third year/Micro/Pipelined_Processor.srcs/sources_1/new/D_EX.v" into library xil_defaultlib
INFO: [VRFC 10-311] analyzing module D_EX
INFO: [VRFC 10-2263] Analyzing Verilog file "G:/Faculty/Third year/Micro/Pipelined_Processor.srcs/sources_1/new/EX_M.v" into library xil_defaultlib
INFO: [VRFC 10-311] analyzing module EX_MEM
INFO: [VRFC 10-2263] Analyzing Verilog file "G:/Faculty/Third year/Micro/Pipelined_Processor.srcs/sources_1/new/Forward_Unit.v" into library xil_defaultlib
INFO: [VRFC 10-311] analyzing module Forward_Unit
INFO: [VRFC 10-2263] Analyzing Verilog file "G:/Faculty/Third year/Micro/Pipelined_Processor.srcs/sources_1/new/Hazard_Unit.v" into library xil_defaultlib
INFO: [VRFC 10-311] analyzing module Hazard_Unit
INFO: [VRFC 10-2263] Analyzing Verilog file "G:/Faculty/Third year/Micro/Pipelined_Processor.srcs/sources_1/new/IF_ID.v" into library xil_defaultlib
INFO: [VRFC 10-311] analyzing module IF_ID
INFO: [VRFC 10-2263] Analyzing Verilog file "G:/Faculty/Third year/Micro/Pipelined_Processor.srcs/sources_1/new/Jump_Unit.v" into library xil_defaultlib
INFO: [VRFC 10-311] analyzing module Jump_Unit
INFO: [VRFC 10-2263] Analyzing Verilog file "G:/Faculty/Third year/Micro/Pipelined_Processor.srcs/sources_1/new/M_WB.v" into library xil_defaultlib
INFO: [VRFC 10-311] analyzing module MEM_WB
INFO: [VRFC 10-2263] Analyzing Verilog file "G:/Faculty/Third year/Micro/Pipelined_Processor.srcs/sources_1/new/Memory.v" into library xil_defaultlib
INFO: [VRFC 10-311] analyzing module Von_Neumann_Mem
INFO: [VRFC 10-2263] Analyzing Verilog file "G:/Faculty/Third year/Micro/Pipelined_Processor.srcs/sources_1/new/PC.v" into library xil_defaultlib
INFO: [VRFC 10-311] analyzing module PC
INFO: [VRFC 10-2263] Analyzing Verilog file "G:/Faculty/Third year/Micro/Pipelined_Processor.srcs/sources_1/new/RF.v" into library xil_defaultlib
INFO: [VRFC 10-311] analyzing module RegisterFile
INFO: [VRFC 10-2263] Analyzing Verilog file "G:/Faculty/Third year/Micro/Pipelined_Processor.srcs/sources_1/new/Top_Module.v" into library xil_defaultlib
INFO: [VRFC 10-311] analyzing module Top_Module
INFO: [VRFC 10-2263] Analyzing Verilog file "G:/Faculty/Third year/Micro/Pipelined_Processor.srcs/sim_1/new/Test_1.v" into library xil_defaultlib
INFO: [VRFC 10-311] analyzing module tb_Top_Module
INFO: [USF-XSim-69] 'compile' step finished in '1' seconds
INFO: [Vivado 12-5682] Launching behavioral simulation in 'G:/Faculty/Third year/Micro/Pipelined_Processor.sim/sim_1/behav/xsim'
INFO: [USF-XSim-3] XSim::Elaborate design
INFO: [USF-XSim-61] Executing 'ELABORATE' step in 'G:/Faculty/Third year/Micro/Pipelined_Processor.sim/sim_1/behav/xsim'
"xelab -wto 0f7cb70c774d44ef92f2ca234ca9283e --incr --debug typical --relax --mt 2 -L xil_defaultlib -L unisims_ver -L unimacro_ver -L secureip --snapshot tb_Top_Module_behav xil_defaultlib.tb_Top_Module xil_defaultlib.glbl -log elaborate.log"
Vivado Simulator 2019.1
Copyright 1986-1999, 2001-2019 Xilinx, Inc. All Rights Reserved.
Running: F:/Xilinx/Vivado/2019.1/bin/unwrapped/win64.o/xelab.exe -wto 0f7cb70c774d44ef92f2ca234ca9283e --incr --debug typical --relax --mt 2 -L xil_defaultlib -L unisims_ver -L unimacro_ver -L secureip --snapshot tb_Top_Module_behav xil_defaultlib.tb_Top_Module xil_defaultlib.glbl -log elaborate.log 
Using 2 slave threads.
Starting static elaboration
WARNING: [VRFC 10-3091] actual bit length 4 differs from formal bit length 8 for port 'op_code' [G:/Faculty/Third year/Micro/Pipelined_Processor.srcs/sources_1/new/Top_Module.v:295]
WARNING: [VRFC 10-3091] actual bit length 32 differs from formal bit length 1 for port 'save_int' [G:/Faculty/Third year/Micro/Pipelined_Processor.srcs/sources_1/new/Top_Module.v:424]
WARNING: [VRFC 10-3091] actual bit length 32 differs from formal bit length 1 for port 'enable' [G:/Faculty/Third year/Micro/Pipelined_Processor.srcs/sources_1/new/Top_Module.v:451]
WARNING: [VRFC 10-3091] actual bit length 32 differs from formal bit length 1 for port 'flush' [G:/Faculty/Third year/Micro/Pipelined_Processor.srcs/sources_1/new/Top_Module.v:452]
WARNING: [VRFC 10-3091] actual bit length 32 differs from formal bit length 1 for port 'enable' [G:/Faculty/Third year/Micro/Pipelined_Processor.srcs/sources_1/new/Top_Module.v:506]
WARNING: [VRFC 10-3091] actual bit length 32 differs from formal bit length 1 for port 'flush' [G:/Faculty/Third year/Micro/Pipelined_Processor.srcs/sources_1/new/Top_Module.v:507]
Completed static elaboration
Starting simulation data flow analysis
WARNING: [XSIM 43-4099] "G:/Faculty/Third year/Micro/Pipelined_Processor.srcs/sources_1/new/Top_Module.v" Line 2. Module Top_Module doesn't have a timescale but at least one module in design has a timescale.
WARNING: [XSIM 43-4099] "G:/Faculty/Third year/Micro/Pipelined_Processor.srcs/sources_1/new/PC.v" Line 2. Module PC doesn't have a timescale but at least one module in design has a timescale.
WARNING: [XSIM 43-4099] "G:/Faculty/Third year/Micro/Pipelined_Processor.srcs/sources_1/new/Memory.v" Line 1. Module Von_Neumann_Mem doesn't have a timescale but at least one module in design has a timescale.
WARNING: [XSIM 43-4099] "G:/Faculty/Third year/Micro/Pipelined_Processor.srcs/sources_1/new/IF_ID.v" Line 1. Module IF_ID doesn't have a timescale but at least one module in design has a timescale.
WARNING: [XSIM 43-4099] "G:/Faculty/Third year/Micro/Pipelined_Processor.srcs/sources_1/new/Control_Unit.v" Line 2. Module Control_Unit doesn't have a timescale but at least one module in design has a timescale.
WARNING: [XSIM 43-4099] "G:/Faculty/Third year/Micro/Pipelined_Processor.srcs/sources_1/new/RF.v" Line 1. Module RegisterFile doesn't have a timescale but at least one module in design has a timescale.
WARNING: [XSIM 43-4099] "G:/Faculty/Third year/Micro/Pipelined_Processor.srcs/sources_1/new/D_EX.v" Line 1. Module D_EX doesn't have a timescale but at least one module in design has a timescale.
WARNING: [XSIM 43-4099] "G:/Faculty/Third year/Micro/Pipelined_Processor.srcs/sources_1/new/Jump_Unit.v" Line 2. Module Jump_Unit doesn't have a timescale but at least one module in design has a timescale.
WARNING: [XSIM 43-4099] "G:/Faculty/Third year/Micro/Pipelined_Processor.srcs/sources_1/new/Forward_Unit.v" Line 1. Module Forward_Unit doesn't have a timescale but at least one module in design has a timescale.
WARNING: [XSIM 43-4099] "G:/Faculty/Third year/Micro/Pipelined_Processor.srcs/sources_1/new/ALU.v" Line 1. Module ALU doesn't have a timescale but at least one module in design has a timescale.
WARNING: [XSIM 43-4099] "G:/Faculty/Third year/Micro/Pipelined_Processor.srcs/sources_1/new/CCR.v" Line 3. Module CCR doesn't have a timescale but at least one module in design has a timescale.
WARNING: [XSIM 43-4099] "G:/Faculty/Third year/Micro/Pipelined_Processor.srcs/sources_1/new/EX_M.v" Line 2. Module EX_MEM doesn't have a timescale but at least one module in design has a timescale.
WARNING: [XSIM 43-4099] "G:/Faculty/Third year/Micro/Pipelined_Processor.srcs/sources_1/new/M_WB.v" Line 1. Module MEM_WB doesn't have a timescale but at least one module in design has a timescale.
WARNING: [XSIM 43-4099] "G:/Faculty/Third year/Micro/Pipelined_Processor.srcs/sources_1/new/Hazard_Unit.v" Line 1. Module Hazard_Unit doesn't have a timescale but at least one module in design has a timescale.
Completed simulation data flow analysis
Time Resolution for simulation is 1ps
Compiling module xil_defaultlib.PC
Compiling module xil_defaultlib.Von_Neumann_Mem
Compiling module xil_defaultlib.IF_ID
Compiling module xil_defaultlib.Control_Unit
Compiling module xil_defaultlib.RegisterFile
Compiling module xil_defaultlib.D_EX
Compiling module xil_defaultlib.Jump_Unit
Compiling module xil_defaultlib.Forward_Unit
Compiling module xil_defaultlib.ALU
Compiling module xil_defaultlib.CCR
Compiling module xil_defaultlib.EX_MEM
Compiling module xil_defaultlib.MEM_WB
Compiling module xil_defaultlib.Hazard_Unit
Compiling module xil_defaultlib.Top_Module
Compiling module xil_defaultlib.tb_Top_Module
Compiling module xil_defaultlib.glbl
Built simulation snapshot tb_Top_Module_behav
INFO: [USF-XSim-69] 'elaborate' step finished in '4' seconds
Vivado Simulator 2019.1
Time resolution is 1 ps
$stop called at time : 107 ns : File "G:/Faculty/Third year/Micro/Pipelined_Processor.srcs/sim_1/new/Test_1.v" Line 94
relaunch_sim: Time (s): cpu = 00:00:03 ; elapsed = 00:00:09 . Memory (MB): peak = 785.723 ; gain = 0.000
relaunch_sim
INFO: [Vivado 12-5682] Launching behavioral simulation in 'G:/Faculty/Third year/Micro/Pipelined_Processor.sim/sim_1/behav/xsim'
INFO: [SIM-utils-51] Simulation object is 'sim_1'
INFO: [SIM-utils-54] Inspecting design source files for 'tb_Top_Module' in fileset 'sim_1'...
INFO: [USF-XSim-97] Finding global include files...
INFO: [USF-XSim-98] Fetching design files from 'sim_1'...
INFO: [USF-XSim-2] XSim::Compile design
INFO: [USF-XSim-61] Executing 'COMPILE and ANALYZE' step in 'G:/Faculty/Third year/Micro/Pipelined_Processor.sim/sim_1/behav/xsim'
"xvlog --incr --relax -prj tb_Top_Module_vlog.prj"
INFO: [VRFC 10-2263] Analyzing Verilog file "G:/Faculty/Third year/Micro/Pipelined_Processor.srcs/sources_1/new/ALU.v" into library xil_defaultlib
INFO: [VRFC 10-311] analyzing module ALU
INFO: [VRFC 10-2263] Analyzing Verilog file "G:/Faculty/Third year/Micro/Pipelined_Processor.srcs/sources_1/new/CCR.v" into library xil_defaultlib
INFO: [VRFC 10-311] analyzing module CCR
INFO: [VRFC 10-2263] Analyzing Verilog file "G:/Faculty/Third year/Micro/Pipelined_Processor.srcs/sources_1/new/Control_Unit.v" into library xil_defaultlib
INFO: [VRFC 10-311] analyzing module Control_Unit
INFO: [VRFC 10-2263] Analyzing Verilog file "G:/Faculty/Third year/Micro/Pipelined_Processor.srcs/sources_1/new/D_EX.v" into library xil_defaultlib
INFO: [VRFC 10-311] analyzing module D_EX
INFO: [VRFC 10-2263] Analyzing Verilog file "G:/Faculty/Third year/Micro/Pipelined_Processor.srcs/sources_1/new/EX_M.v" into library xil_defaultlib
INFO: [VRFC 10-311] analyzing module EX_MEM
INFO: [VRFC 10-2263] Analyzing Verilog file "G:/Faculty/Third year/Micro/Pipelined_Processor.srcs/sources_1/new/Forward_Unit.v" into library xil_defaultlib
INFO: [VRFC 10-311] analyzing module Forward_Unit
INFO: [VRFC 10-2263] Analyzing Verilog file "G:/Faculty/Third year/Micro/Pipelined_Processor.srcs/sources_1/new/Hazard_Unit.v" into library xil_defaultlib
INFO: [VRFC 10-311] analyzing module Hazard_Unit
INFO: [VRFC 10-2263] Analyzing Verilog file "G:/Faculty/Third year/Micro/Pipelined_Processor.srcs/sources_1/new/IF_ID.v" into library xil_defaultlib
INFO: [VRFC 10-311] analyzing module IF_ID
INFO: [VRFC 10-2263] Analyzing Verilog file "G:/Faculty/Third year/Micro/Pipelined_Processor.srcs/sources_1/new/Jump_Unit.v" into library xil_defaultlib
INFO: [VRFC 10-311] analyzing module Jump_Unit
INFO: [VRFC 10-2263] Analyzing Verilog file "G:/Faculty/Third year/Micro/Pipelined_Processor.srcs/sources_1/new/M_WB.v" into library xil_defaultlib
INFO: [VRFC 10-311] analyzing module MEM_WB
INFO: [VRFC 10-2263] Analyzing Verilog file "G:/Faculty/Third year/Micro/Pipelined_Processor.srcs/sources_1/new/Memory.v" into library xil_defaultlib
INFO: [VRFC 10-311] analyzing module Von_Neumann_Mem
INFO: [VRFC 10-2263] Analyzing Verilog file "G:/Faculty/Third year/Micro/Pipelined_Processor.srcs/sources_1/new/PC.v" into library xil_defaultlib
INFO: [VRFC 10-311] analyzing module PC
INFO: [VRFC 10-2263] Analyzing Verilog file "G:/Faculty/Third year/Micro/Pipelined_Processor.srcs/sources_1/new/RF.v" into library xil_defaultlib
INFO: [VRFC 10-311] analyzing module RegisterFile
INFO: [VRFC 10-2263] Analyzing Verilog file "G:/Faculty/Third year/Micro/Pipelined_Processor.srcs/sources_1/new/Top_Module.v" into library xil_defaultlib
INFO: [VRFC 10-311] analyzing module Top_Module
INFO: [VRFC 10-2263] Analyzing Verilog file "G:/Faculty/Third year/Micro/Pipelined_Processor.srcs/sim_1/new/Test_1.v" into library xil_defaultlib
INFO: [VRFC 10-311] analyzing module tb_Top_Module
INFO: [USF-XSim-69] 'compile' step finished in '1' seconds
INFO: [Vivado 12-5682] Launching behavioral simulation in 'G:/Faculty/Third year/Micro/Pipelined_Processor.sim/sim_1/behav/xsim'
INFO: [USF-XSim-3] XSim::Elaborate design
INFO: [USF-XSim-61] Executing 'ELABORATE' step in 'G:/Faculty/Third year/Micro/Pipelined_Processor.sim/sim_1/behav/xsim'
"xelab -wto 0f7cb70c774d44ef92f2ca234ca9283e --incr --debug typical --relax --mt 2 -L xil_defaultlib -L unisims_ver -L unimacro_ver -L secureip --snapshot tb_Top_Module_behav xil_defaultlib.tb_Top_Module xil_defaultlib.glbl -log elaborate.log"
Vivado Simulator 2019.1
Copyright 1986-1999, 2001-2019 Xilinx, Inc. All Rights Reserved.
Running: F:/Xilinx/Vivado/2019.1/bin/unwrapped/win64.o/xelab.exe -wto 0f7cb70c774d44ef92f2ca234ca9283e --incr --debug typical --relax --mt 2 -L xil_defaultlib -L unisims_ver -L unimacro_ver -L secureip --snapshot tb_Top_Module_behav xil_defaultlib.tb_Top_Module xil_defaultlib.glbl -log elaborate.log 
Using 2 slave threads.
Starting static elaboration
WARNING: [VRFC 10-3091] actual bit length 4 differs from formal bit length 8 for port 'op_code' [G:/Faculty/Third year/Micro/Pipelined_Processor.srcs/sources_1/new/Top_Module.v:295]
WARNING: [VRFC 10-3091] actual bit length 32 differs from formal bit length 1 for port 'save_int' [G:/Faculty/Third year/Micro/Pipelined_Processor.srcs/sources_1/new/Top_Module.v:424]
WARNING: [VRFC 10-3091] actual bit length 32 differs from formal bit length 1 for port 'enable' [G:/Faculty/Third year/Micro/Pipelined_Processor.srcs/sources_1/new/Top_Module.v:451]
WARNING: [VRFC 10-3091] actual bit length 32 differs from formal bit length 1 for port 'flush' [G:/Faculty/Third year/Micro/Pipelined_Processor.srcs/sources_1/new/Top_Module.v:452]
WARNING: [VRFC 10-3091] actual bit length 32 differs from formal bit length 1 for port 'enable' [G:/Faculty/Third year/Micro/Pipelined_Processor.srcs/sources_1/new/Top_Module.v:506]
WARNING: [VRFC 10-3091] actual bit length 32 differs from formal bit length 1 for port 'flush' [G:/Faculty/Third year/Micro/Pipelined_Processor.srcs/sources_1/new/Top_Module.v:507]
Completed static elaboration
Starting simulation data flow analysis
WARNING: [XSIM 43-4099] "G:/Faculty/Third year/Micro/Pipelined_Processor.srcs/sources_1/new/Top_Module.v" Line 2. Module Top_Module doesn't have a timescale but at least one module in design has a timescale.
WARNING: [XSIM 43-4099] "G:/Faculty/Third year/Micro/Pipelined_Processor.srcs/sources_1/new/PC.v" Line 2. Module PC doesn't have a timescale but at least one module in design has a timescale.
WARNING: [XSIM 43-4099] "G:/Faculty/Third year/Micro/Pipelined_Processor.srcs/sources_1/new/Memory.v" Line 1. Module Von_Neumann_Mem doesn't have a timescale but at least one module in design has a timescale.
WARNING: [XSIM 43-4099] "G:/Faculty/Third year/Micro/Pipelined_Processor.srcs/sources_1/new/IF_ID.v" Line 1. Module IF_ID doesn't have a timescale but at least one module in design has a timescale.
WARNING: [XSIM 43-4099] "G:/Faculty/Third year/Micro/Pipelined_Processor.srcs/sources_1/new/Control_Unit.v" Line 2. Module Control_Unit doesn't have a timescale but at least one module in design has a timescale.
WARNING: [XSIM 43-4099] "G:/Faculty/Third year/Micro/Pipelined_Processor.srcs/sources_1/new/RF.v" Line 1. Module RegisterFile doesn't have a timescale but at least one module in design has a timescale.
WARNING: [XSIM 43-4099] "G:/Faculty/Third year/Micro/Pipelined_Processor.srcs/sources_1/new/D_EX.v" Line 1. Module D_EX doesn't have a timescale but at least one module in design has a timescale.
WARNING: [XSIM 43-4099] "G:/Faculty/Third year/Micro/Pipelined_Processor.srcs/sources_1/new/Jump_Unit.v" Line 2. Module Jump_Unit doesn't have a timescale but at least one module in design has a timescale.
WARNING: [XSIM 43-4099] "G:/Faculty/Third year/Micro/Pipelined_Processor.srcs/sources_1/new/Forward_Unit.v" Line 1. Module Forward_Unit doesn't have a timescale but at least one module in design has a timescale.
WARNING: [XSIM 43-4099] "G:/Faculty/Third year/Micro/Pipelined_Processor.srcs/sources_1/new/ALU.v" Line 1. Module ALU doesn't have a timescale but at least one module in design has a timescale.
WARNING: [XSIM 43-4099] "G:/Faculty/Third year/Micro/Pipelined_Processor.srcs/sources_1/new/CCR.v" Line 3. Module CCR doesn't have a timescale but at least one module in design has a timescale.
WARNING: [XSIM 43-4099] "G:/Faculty/Third year/Micro/Pipelined_Processor.srcs/sources_1/new/EX_M.v" Line 2. Module EX_MEM doesn't have a timescale but at least one module in design has a timescale.
WARNING: [XSIM 43-4099] "G:/Faculty/Third year/Micro/Pipelined_Processor.srcs/sources_1/new/M_WB.v" Line 1. Module MEM_WB doesn't have a timescale but at least one module in design has a timescale.
WARNING: [XSIM 43-4099] "G:/Faculty/Third year/Micro/Pipelined_Processor.srcs/sources_1/new/Hazard_Unit.v" Line 1. Module Hazard_Unit doesn't have a timescale but at least one module in design has a timescale.
Completed simulation data flow analysis
Time Resolution for simulation is 1ps
Compiling module xil_defaultlib.PC
Compiling module xil_defaultlib.Von_Neumann_Mem
Compiling module xil_defaultlib.IF_ID
Compiling module xil_defaultlib.Control_Unit
Compiling module xil_defaultlib.RegisterFile
Compiling module xil_defaultlib.D_EX
Compiling module xil_defaultlib.Jump_Unit
Compiling module xil_defaultlib.Forward_Unit
Compiling module xil_defaultlib.ALU
Compiling module xil_defaultlib.CCR
Compiling module xil_defaultlib.EX_MEM
Compiling module xil_defaultlib.MEM_WB
Compiling module xil_defaultlib.Hazard_Unit
Compiling module xil_defaultlib.Top_Module
Compiling module xil_defaultlib.tb_Top_Module
Compiling module xil_defaultlib.glbl
Built simulation snapshot tb_Top_Module_behav
INFO: [USF-XSim-69] 'elaborate' step finished in '4' seconds
Vivado Simulator 2019.1
Time resolution is 1 ps
$stop called at time : 107 ns : File "G:/Faculty/Third year/Micro/Pipelined_Processor.srcs/sim_1/new/Test_1.v" Line 94
relaunch_sim: Time (s): cpu = 00:00:01 ; elapsed = 00:00:08 . Memory (MB): peak = 785.723 ; gain = 0.000
restart
INFO: [Simtcl 6-17] Simulation restarted
run 10 ns
run 10 ns
relaunch_sim
INFO: [Vivado 12-5682] Launching behavioral simulation in 'G:/Faculty/Third year/Micro/Pipelined_Processor.sim/sim_1/behav/xsim'
INFO: [SIM-utils-51] Simulation object is 'sim_1'
INFO: [SIM-utils-54] Inspecting design source files for 'tb_Top_Module' in fileset 'sim_1'...
INFO: [USF-XSim-97] Finding global include files...
INFO: [USF-XSim-98] Fetching design files from 'sim_1'...
INFO: [USF-XSim-2] XSim::Compile design
INFO: [USF-XSim-61] Executing 'COMPILE and ANALYZE' step in 'G:/Faculty/Third year/Micro/Pipelined_Processor.sim/sim_1/behav/xsim'
"xvlog --incr --relax -prj tb_Top_Module_vlog.prj"
INFO: [VRFC 10-2263] Analyzing Verilog file "G:/Faculty/Third year/Micro/Pipelined_Processor.srcs/sources_1/new/ALU.v" into library xil_defaultlib
INFO: [VRFC 10-311] analyzing module ALU
INFO: [VRFC 10-2263] Analyzing Verilog file "G:/Faculty/Third year/Micro/Pipelined_Processor.srcs/sources_1/new/CCR.v" into library xil_defaultlib
INFO: [VRFC 10-311] analyzing module CCR
INFO: [VRFC 10-2263] Analyzing Verilog file "G:/Faculty/Third year/Micro/Pipelined_Processor.srcs/sources_1/new/Control_Unit.v" into library xil_defaultlib
INFO: [VRFC 10-311] analyzing module Control_Unit
INFO: [VRFC 10-2263] Analyzing Verilog file "G:/Faculty/Third year/Micro/Pipelined_Processor.srcs/sources_1/new/D_EX.v" into library xil_defaultlib
INFO: [VRFC 10-311] analyzing module D_EX
INFO: [VRFC 10-2263] Analyzing Verilog file "G:/Faculty/Third year/Micro/Pipelined_Processor.srcs/sources_1/new/EX_M.v" into library xil_defaultlib
INFO: [VRFC 10-311] analyzing module EX_MEM
INFO: [VRFC 10-2263] Analyzing Verilog file "G:/Faculty/Third year/Micro/Pipelined_Processor.srcs/sources_1/new/Forward_Unit.v" into library xil_defaultlib
INFO: [VRFC 10-311] analyzing module Forward_Unit
INFO: [VRFC 10-2263] Analyzing Verilog file "G:/Faculty/Third year/Micro/Pipelined_Processor.srcs/sources_1/new/Hazard_Unit.v" into library xil_defaultlib
INFO: [VRFC 10-311] analyzing module Hazard_Unit
INFO: [VRFC 10-2263] Analyzing Verilog file "G:/Faculty/Third year/Micro/Pipelined_Processor.srcs/sources_1/new/IF_ID.v" into library xil_defaultlib
INFO: [VRFC 10-311] analyzing module IF_ID
INFO: [VRFC 10-2263] Analyzing Verilog file "G:/Faculty/Third year/Micro/Pipelined_Processor.srcs/sources_1/new/Jump_Unit.v" into library xil_defaultlib
INFO: [VRFC 10-311] analyzing module Jump_Unit
INFO: [VRFC 10-2263] Analyzing Verilog file "G:/Faculty/Third year/Micro/Pipelined_Processor.srcs/sources_1/new/M_WB.v" into library xil_defaultlib
INFO: [VRFC 10-311] analyzing module MEM_WB
INFO: [VRFC 10-2263] Analyzing Verilog file "G:/Faculty/Third year/Micro/Pipelined_Processor.srcs/sources_1/new/Memory.v" into library xil_defaultlib
INFO: [VRFC 10-311] analyzing module Von_Neumann_Mem
INFO: [VRFC 10-2263] Analyzing Verilog file "G:/Faculty/Third year/Micro/Pipelined_Processor.srcs/sources_1/new/PC.v" into library xil_defaultlib
INFO: [VRFC 10-311] analyzing module PC
INFO: [VRFC 10-2263] Analyzing Verilog file "G:/Faculty/Third year/Micro/Pipelined_Processor.srcs/sources_1/new/RF.v" into library xil_defaultlib
INFO: [VRFC 10-311] analyzing module RegisterFile
INFO: [VRFC 10-2263] Analyzing Verilog file "G:/Faculty/Third year/Micro/Pipelined_Processor.srcs/sources_1/new/Top_Module.v" into library xil_defaultlib
INFO: [VRFC 10-311] analyzing module Top_Module
INFO: [VRFC 10-2263] Analyzing Verilog file "G:/Faculty/Third year/Micro/Pipelined_Processor.srcs/sim_1/new/Test_1.v" into library xil_defaultlib
INFO: [VRFC 10-311] analyzing module tb_Top_Module
INFO: [USF-XSim-69] 'compile' step finished in '2' seconds
INFO: [Vivado 12-5682] Launching behavioral simulation in 'G:/Faculty/Third year/Micro/Pipelined_Processor.sim/sim_1/behav/xsim'
INFO: [USF-XSim-3] XSim::Elaborate design
INFO: [USF-XSim-61] Executing 'ELABORATE' step in 'G:/Faculty/Third year/Micro/Pipelined_Processor.sim/sim_1/behav/xsim'
"xelab -wto 0f7cb70c774d44ef92f2ca234ca9283e --incr --debug typical --relax --mt 2 -L xil_defaultlib -L unisims_ver -L unimacro_ver -L secureip --snapshot tb_Top_Module_behav xil_defaultlib.tb_Top_Module xil_defaultlib.glbl -log elaborate.log"
Vivado Simulator 2019.1
Copyright 1986-1999, 2001-2019 Xilinx, Inc. All Rights Reserved.
Running: F:/Xilinx/Vivado/2019.1/bin/unwrapped/win64.o/xelab.exe -wto 0f7cb70c774d44ef92f2ca234ca9283e --incr --debug typical --relax --mt 2 -L xil_defaultlib -L unisims_ver -L unimacro_ver -L secureip --snapshot tb_Top_Module_behav xil_defaultlib.tb_Top_Module xil_defaultlib.glbl -log elaborate.log 
Using 2 slave threads.
Starting static elaboration
WARNING: [VRFC 10-3091] actual bit length 4 differs from formal bit length 8 for port 'op_code' [G:/Faculty/Third year/Micro/Pipelined_Processor.srcs/sources_1/new/Top_Module.v:295]
WARNING: [VRFC 10-3091] actual bit length 32 differs from formal bit length 1 for port 'save_int' [G:/Faculty/Third year/Micro/Pipelined_Processor.srcs/sources_1/new/Top_Module.v:424]
WARNING: [VRFC 10-3091] actual bit length 32 differs from formal bit length 1 for port 'enable' [G:/Faculty/Third year/Micro/Pipelined_Processor.srcs/sources_1/new/Top_Module.v:451]
WARNING: [VRFC 10-3091] actual bit length 32 differs from formal bit length 1 for port 'flush' [G:/Faculty/Third year/Micro/Pipelined_Processor.srcs/sources_1/new/Top_Module.v:452]
WARNING: [VRFC 10-3091] actual bit length 32 differs from formal bit length 1 for port 'enable' [G:/Faculty/Third year/Micro/Pipelined_Processor.srcs/sources_1/new/Top_Module.v:506]
WARNING: [VRFC 10-3091] actual bit length 32 differs from formal bit length 1 for port 'flush' [G:/Faculty/Third year/Micro/Pipelined_Processor.srcs/sources_1/new/Top_Module.v:507]
Completed static elaboration
Starting simulation data flow analysis
WARNING: [XSIM 43-4099] "G:/Faculty/Third year/Micro/Pipelined_Processor.srcs/sources_1/new/Top_Module.v" Line 2. Module Top_Module doesn't have a timescale but at least one module in design has a timescale.
WARNING: [XSIM 43-4099] "G:/Faculty/Third year/Micro/Pipelined_Processor.srcs/sources_1/new/PC.v" Line 2. Module PC doesn't have a timescale but at least one module in design has a timescale.
WARNING: [XSIM 43-4099] "G:/Faculty/Third year/Micro/Pipelined_Processor.srcs/sources_1/new/Memory.v" Line 1. Module Von_Neumann_Mem doesn't have a timescale but at least one module in design has a timescale.
WARNING: [XSIM 43-4099] "G:/Faculty/Third year/Micro/Pipelined_Processor.srcs/sources_1/new/IF_ID.v" Line 1. Module IF_ID doesn't have a timescale but at least one module in design has a timescale.
WARNING: [XSIM 43-4099] "G:/Faculty/Third year/Micro/Pipelined_Processor.srcs/sources_1/new/Control_Unit.v" Line 2. Module Control_Unit doesn't have a timescale but at least one module in design has a timescale.
WARNING: [XSIM 43-4099] "G:/Faculty/Third year/Micro/Pipelined_Processor.srcs/sources_1/new/RF.v" Line 1. Module RegisterFile doesn't have a timescale but at least one module in design has a timescale.
WARNING: [XSIM 43-4099] "G:/Faculty/Third year/Micro/Pipelined_Processor.srcs/sources_1/new/D_EX.v" Line 1. Module D_EX doesn't have a timescale but at least one module in design has a timescale.
WARNING: [XSIM 43-4099] "G:/Faculty/Third year/Micro/Pipelined_Processor.srcs/sources_1/new/Jump_Unit.v" Line 2. Module Jump_Unit doesn't have a timescale but at least one module in design has a timescale.
WARNING: [XSIM 43-4099] "G:/Faculty/Third year/Micro/Pipelined_Processor.srcs/sources_1/new/Forward_Unit.v" Line 1. Module Forward_Unit doesn't have a timescale but at least one module in design has a timescale.
WARNING: [XSIM 43-4099] "G:/Faculty/Third year/Micro/Pipelined_Processor.srcs/sources_1/new/ALU.v" Line 1. Module ALU doesn't have a timescale but at least one module in design has a timescale.
WARNING: [XSIM 43-4099] "G:/Faculty/Third year/Micro/Pipelined_Processor.srcs/sources_1/new/CCR.v" Line 3. Module CCR doesn't have a timescale but at least one module in design has a timescale.
WARNING: [XSIM 43-4099] "G:/Faculty/Third year/Micro/Pipelined_Processor.srcs/sources_1/new/EX_M.v" Line 2. Module EX_MEM doesn't have a timescale but at least one module in design has a timescale.
WARNING: [XSIM 43-4099] "G:/Faculty/Third year/Micro/Pipelined_Processor.srcs/sources_1/new/M_WB.v" Line 1. Module MEM_WB doesn't have a timescale but at least one module in design has a timescale.
WARNING: [XSIM 43-4099] "G:/Faculty/Third year/Micro/Pipelined_Processor.srcs/sources_1/new/Hazard_Unit.v" Line 1. Module Hazard_Unit doesn't have a timescale but at least one module in design has a timescale.
Completed simulation data flow analysis
Time Resolution for simulation is 1ps
Compiling module xil_defaultlib.PC
Compiling module xil_defaultlib.Von_Neumann_Mem
Compiling module xil_defaultlib.IF_ID
Compiling module xil_defaultlib.Control_Unit
Compiling module xil_defaultlib.RegisterFile
Compiling module xil_defaultlib.D_EX
Compiling module xil_defaultlib.Jump_Unit
Compiling module xil_defaultlib.Forward_Unit
Compiling module xil_defaultlib.ALU
Compiling module xil_defaultlib.CCR
Compiling module xil_defaultlib.EX_MEM
Compiling module xil_defaultlib.MEM_WB
Compiling module xil_defaultlib.Hazard_Unit
Compiling module xil_defaultlib.Top_Module
Compiling module xil_defaultlib.tb_Top_Module
Compiling module xil_defaultlib.glbl
Built simulation snapshot tb_Top_Module_behav
INFO: [USF-XSim-69] 'elaborate' step finished in '3' seconds
Vivado Simulator 2019.1
Time resolution is 1 ps
$stop called at time : 107 ns : File "G:/Faculty/Third year/Micro/Pipelined_Processor.srcs/sim_1/new/Test_1.v" Line 94
relaunch_sim: Time (s): cpu = 00:00:01 ; elapsed = 00:00:09 . Memory (MB): peak = 804.945 ; gain = 0.000
close_sim
INFO: [Simtcl 6-16] Simulation closed
exit
INFO: [Common 17-206] Exiting Vivado at Thu Dec 25 23:42:31 2025...
